2015-09-21 10:36:08,901 [Worker-4] ERROR o.e.m.c.i.p.r.ProjectRegistryManager - Failed to read Maven project: 1 problem was encountered while building the effective model
[FATAL] Non-readable POM /Users/navink/Documents/workspace/test/RestAPI/pom.xml: input contained no data @ 
 for project  at /Users/navink/Documents/workspace/test/RestAPI/pom.xml
org.apache.maven.project.ProjectBuildingException: 1 problem was encountered while building the effective model
[FATAL] Non-readable POM /Users/navink/Documents/workspace/test/RestAPI/pom.xml: input contained no data @ 
 for project  at /Users/navink/Documents/workspace/test/RestAPI/pom.xml
	at org.apache.maven.project.DefaultProjectBuilder.build(DefaultProjectBuilder.java:168) ~[maven-core-3.3.3.jar:3.3.3]
	at org.apache.maven.project.DefaultProjectBuilder.build(DefaultProjectBuilder.java:119) ~[maven-core-3.3.3.jar:3.3.3]
	at org.eclipse.m2e.core.internal.embedder.MavenImpl.readMavenProject(MavenImpl.java:636) ~[org.eclipse.m2e.core_1.6.2.20150902-0002.jar:na]
	at org.eclipse.m2e.core.internal.project.registry.ProjectRegistryManager$5.call(ProjectRegistryManager.java:815) ~[org.eclipse.m2e.core_1.6.2.20150902-0002.jar:na]
	at org.eclipse.m2e.core.internal.project.registry.ProjectRegistryManager$5.call(ProjectRegistryManager.java:1) ~[org.eclipse.m2e.core_1.6.2.20150902-0002.jar:na]
	at org.eclipse.m2e.core.internal.embedder.MavenExecutionContext.executeBare(MavenExecutionContext.java:176) ~[org.eclipse.m2e.core_1.6.2.20150902-0002.jar:na]
	at org.eclipse.m2e.core.internal.embedder.MavenExecutionContext.execute(MavenExecutionContext.java:151) ~[org.eclipse.m2e.core_1.6.2.20150902-0002.jar:na]
	at org.eclipse.m2e.core.internal.embedder.MavenExecutionContext.execute(MavenExecutionContext.java:99) ~[org.eclipse.m2e.core_1.6.2.20150902-0002.jar:na]
	at org.eclipse.m2e.core.internal.project.registry.ProjectRegistryManager.execute(ProjectRegistryManager.java:956) ~[org.eclipse.m2e.core_1.6.2.20150902-0002.jar:na]
	at org.eclipse.m2e.core.internal.project.registry.ProjectRegistryManager.readProjectWithDependencies(ProjectRegistryManager.java:811) ~[org.eclipse.m2e.core_1.6.2.20150902-0002.jar:na]
	at org.eclipse.m2e.core.internal.project.registry.ProjectRegistryManager.create(ProjectRegistryManager.java:191) ~[org.eclipse.m2e.core_1.6.2.20150902-0002.jar:na]
	at org.eclipse.m2e.core.internal.project.registry.MavenProjectManager.create(MavenProjectManager.java:80) [org.eclipse.m2e.core_1.6.2.20150902-0002.jar:na]
	at org.eclipse.m2e.core.ui.internal.actions.SelectionUtil.getMavenProject(SelectionUtil.java:259) [org.eclipse.m2e.core.ui_1.6.2.20150902-0002.jar:na]
	at org.eclipse.m2e.editor.pom.MavenPomEditor.readMavenProject(MavenPomEditor.java:729) [org.eclipse.m2e.editor_1.6.2.20150902-0002.jar:na]
	at org.eclipse.m2e.editor.pom.MavenPomEditor$5.run(MavenPomEditor.java:1050) [org.eclipse.m2e.editor_1.6.2.20150902-0002.jar:na]
	at org.eclipse.core.internal.jobs.Worker.run(Worker.java:55) [org.eclipse.core.jobs_3.7.0.v20150330-2103.jar:na]
Caused by: org.apache.maven.model.building.ModelBuildingException: 1 problem was encountered while building the effective model
[FATAL] Non-readable POM /Users/navink/Documents/workspace/test/RestAPI/pom.xml: input contained no data @ 

	at org.apache.maven.model.building.DefaultModelProblemCollector.newModelBuildingException(DefaultModelProblemCollector.java:197) ~[maven-model-builder-3.3.3.jar:3.3.3]
	at org.apache.maven.model.building.DefaultModelBuilder.readModel(DefaultModelBuilder.java:594) ~[maven-model-builder-3.3.3.jar:3.3.3]
	at org.apache.maven.model.building.DefaultModelBuilder.build(DefaultModelBuilder.java:269) ~[maven-model-builder-3.3.3.jar:3.3.3]
	at org.apache.maven.project.DefaultProjectBuilder.build(DefaultProjectBuilder.java:161) ~[maven-core-3.3.3.jar:3.3.3]
	... 15 common frames omitted
2015-09-21 10:36:43,115 [Worker-13] INFO  o.e.m.c.i.e.AbstractTransferListenerAdapter - Downloading https://repo.spring.io/libs-release/org/springframework/boot/spring-boot-starter-parent/1.2.5.RELEASE/spring-boot-starter-parent-1.2.5.RELEASE.pom
2015-09-21 10:36:43,683 [Worker-13] INFO  o.e.m.c.i.e.AbstractTransferListenerAdapter - Downloaded https://repo.spring.io/libs-release/org/springframework/boot/spring-boot-starter-parent/1.2.5.RELEASE/spring-boot-starter-parent-1.2.5.RELEASE.pom
2015-09-21 10:36:44,247 [Worker-13] INFO  o.e.m.c.i.e.AbstractTransferListenerAdapter - Downloading https://repo.spring.io/libs-release/org/springframework/boot/spring-boot-dependencies/1.2.5.RELEASE/spring-boot-dependencies-1.2.5.RELEASE.pom
2015-09-21 10:36:44,833 [Worker-13] INFO  o.e.m.c.i.e.AbstractTransferListenerAdapter - Downloaded https://repo.spring.io/libs-release/org/springframework/boot/spring-boot-dependencies/1.2.5.RELEASE/spring-boot-dependencies-1.2.5.RELEASE.pom
2015-09-21 10:36:45,242 [Worker-13] INFO  o.e.m.c.i.e.AbstractTransferListenerAdapter - Downloading https://repo.spring.io/libs-release/org/springframework/spring-framework-bom/4.1.7.RELEASE/spring-framework-bom-4.1.7.RELEASE.pom
2015-09-21 10:36:45,496 [Worker-13] INFO  o.e.m.c.i.e.AbstractTransferListenerAdapter - Downloaded https://repo.spring.io/libs-release/org/springframework/spring-framework-bom/4.1.7.RELEASE/spring-framework-bom-4.1.7.RELEASE.pom
2015-09-21 10:36:45,762 [Worker-13] INFO  o.e.m.c.i.e.AbstractTransferListenerAdapter - Downloading https://repo.spring.io/libs-release/org/springframework/data/spring-data-releasetrain/Evans-SR3/spring-data-releasetrain-Evans-SR3.pom
2015-09-21 10:36:46,063 [Worker-13] INFO  o.e.m.c.i.e.AbstractTransferListenerAdapter - Downloaded https://repo.spring.io/libs-release/org/springframework/data/spring-data-releasetrain/Evans-SR3/spring-data-releasetrain-Evans-SR3.pom
2015-09-21 10:36:46,325 [Worker-13] INFO  o.e.m.c.i.e.AbstractTransferListenerAdapter - Downloading https://repo.spring.io/libs-release/org/springframework/data/build/spring-data-build/1.5.3.RELEASE/spring-data-build-1.5.3.RELEASE.pom
2015-09-21 10:36:46,584 [Worker-13] INFO  o.e.m.c.i.e.AbstractTransferListenerAdapter - Downloaded https://repo.spring.io/libs-release/org/springframework/data/build/spring-data-build/1.5.3.RELEASE/spring-data-build-1.5.3.RELEASE.pom
2015-09-21 10:36:46,850 [Worker-13] INFO  o.e.m.c.i.e.AbstractTransferListenerAdapter - Downloading https://repo.spring.io/libs-release/org/springframework/integration/spring-integration-bom/4.1.5.RELEASE/spring-integration-bom-4.1.5.RELEASE.pom
2015-09-21 10:36:47,189 [Worker-13] INFO  o.e.m.c.i.e.AbstractTransferListenerAdapter - Downloaded https://repo.spring.io/libs-release/org/springframework/integration/spring-integration-bom/4.1.5.RELEASE/spring-integration-bom-4.1.5.RELEASE.pom
2015-09-21 10:36:47,494 [Worker-13] INFO  o.e.m.c.i.e.AbstractTransferListenerAdapter - Downloading https://repo.spring.io/libs-release/org/springframework/security/spring-security-bom/3.2.7.RELEASE/spring-security-bom-3.2.7.RELEASE.pom
2015-09-21 10:36:47,802 [Worker-13] INFO  o.e.m.c.i.e.AbstractTransferListenerAdapter - Downloaded https://repo.spring.io/libs-release/org/springframework/security/spring-security-bom/3.2.7.RELEASE/spring-security-bom-3.2.7.RELEASE.pom
2015-09-21 10:36:48,415 [Worker-13] INFO  o.e.m.c.i.e.AbstractTransferListenerAdapter - Downloading https://repo.spring.io/libs-release/org/springframework/boot/spring-boot-starter-web/1.2.5.RELEASE/spring-boot-starter-web-1.2.5.RELEASE.pom
2015-09-21 10:36:48,678 [Worker-13] INFO  o.e.m.c.i.e.AbstractTransferListenerAdapter - Downloaded https://repo.spring.io/libs-release/org/springframework/boot/spring-boot-starter-web/1.2.5.RELEASE/spring-boot-starter-web-1.2.5.RELEASE.pom
2015-09-21 10:36:48,956 [Worker-13] INFO  o.e.m.c.i.e.AbstractTransferListenerAdapter - Downloading https://repo.spring.io/libs-release/org/springframework/boot/spring-boot-starters/1.2.5.RELEASE/spring-boot-starters-1.2.5.RELEASE.pom
2015-09-21 10:36:49,258 [Worker-13] INFO  o.e.m.c.i.e.AbstractTransferListenerAdapter - Downloaded https://repo.spring.io/libs-release/org/springframework/boot/spring-boot-starters/1.2.5.RELEASE/spring-boot-starters-1.2.5.RELEASE.pom
2015-09-21 10:36:49,527 [Worker-13] INFO  o.e.m.c.i.e.AbstractTransferListenerAdapter - Downloading https://repo.spring.io/libs-release/org/springframework/boot/spring-boot-parent/1.2.5.RELEASE/spring-boot-parent-1.2.5.RELEASE.pom
2015-09-21 10:36:50,105 [Worker-13] INFO  o.e.m.c.i.e.AbstractTransferListenerAdapter - Downloaded https://repo.spring.io/libs-release/org/springframework/boot/spring-boot-parent/1.2.5.RELEASE/spring-boot-parent-1.2.5.RELEASE.pom
2015-09-21 10:36:50,402 [Worker-13] INFO  o.e.m.c.i.e.AbstractTransferListenerAdapter - Downloading https://repo.spring.io/libs-release/org/springframework/boot/spring-boot-starter/1.2.5.RELEASE/spring-boot-starter-1.2.5.RELEASE.pom
2015-09-21 10:36:50,771 [Worker-13] INFO  o.e.m.c.i.e.AbstractTransferListenerAdapter - Downloaded https://repo.spring.io/libs-release/org/springframework/boot/spring-boot-starter/1.2.5.RELEASE/spring-boot-starter-1.2.5.RELEASE.pom
2015-09-21 10:36:51,079 [Worker-13] INFO  o.e.m.c.i.e.AbstractTransferListenerAdapter - Downloading https://repo.spring.io/libs-release/org/springframework/boot/spring-boot/1.2.5.RELEASE/spring-boot-1.2.5.RELEASE.pom
2015-09-21 10:36:51,343 [Worker-13] INFO  o.e.m.c.i.e.AbstractTransferListenerAdapter - Downloaded https://repo.spring.io/libs-release/org/springframework/boot/spring-boot/1.2.5.RELEASE/spring-boot-1.2.5.RELEASE.pom
2015-09-21 10:36:51,693 [Worker-13] INFO  o.e.m.c.i.e.AbstractTransferListenerAdapter - Downloading https://repo.spring.io/libs-release/org/springframework/spring-core/4.1.7.RELEASE/spring-core-4.1.7.RELEASE.pom
2015-09-21 10:36:52,001 [Worker-13] INFO  o.e.m.c.i.e.AbstractTransferListenerAdapter - Downloaded https://repo.spring.io/libs-release/org/springframework/spring-core/4.1.7.RELEASE/spring-core-4.1.7.RELEASE.pom
2015-09-21 10:36:52,308 [Worker-13] INFO  o.e.m.c.i.e.AbstractTransferListenerAdapter - Downloading https://repo.spring.io/libs-release/org/springframework/spring-context/4.1.7.RELEASE/spring-context-4.1.7.RELEASE.pom
2015-09-21 10:36:52,616 [Worker-13] INFO  o.e.m.c.i.e.AbstractTransferListenerAdapter - Downloaded https://repo.spring.io/libs-release/org/springframework/spring-context/4.1.7.RELEASE/spring-context-4.1.7.RELEASE.pom
2015-09-21 10:36:52,882 [Worker-13] INFO  o.e.m.c.i.e.AbstractTransferListenerAdapter - Downloading https://repo.spring.io/libs-release/org/springframework/spring-aop/4.1.7.RELEASE/spring-aop-4.1.7.RELEASE.pom
2015-09-21 10:36:53,151 [Worker-13] INFO  o.e.m.c.i.e.AbstractTransferListenerAdapter - Downloaded https://repo.spring.io/libs-release/org/springframework/spring-aop/4.1.7.RELEASE/spring-aop-4.1.7.RELEASE.pom
2015-09-21 10:36:53,427 [Worker-13] INFO  o.e.m.c.i.e.AbstractTransferListenerAdapter - Downloading https://repo.spring.io/libs-release/aopalliance/aopalliance/1.0/aopalliance-1.0.pom
2015-09-21 10:36:53,689 [Worker-13] INFO  o.e.m.c.i.e.AbstractTransferListenerAdapter - Downloaded https://repo.spring.io/libs-release/aopalliance/aopalliance/1.0/aopalliance-1.0.pom
2015-09-21 10:36:53,951 [Worker-13] INFO  o.e.m.c.i.e.AbstractTransferListenerAdapter - Downloading https://repo.spring.io/libs-release/org/springframework/spring-beans/4.1.7.RELEASE/spring-beans-4.1.7.RELEASE.pom
2015-09-21 10:36:54,254 [Worker-13] INFO  o.e.m.c.i.e.AbstractTransferListenerAdapter - Downloaded https://repo.spring.io/libs-release/org/springframework/spring-beans/4.1.7.RELEASE/spring-beans-4.1.7.RELEASE.pom
2015-09-21 10:36:54,560 [Worker-13] INFO  o.e.m.c.i.e.AbstractTransferListenerAdapter - Downloading https://repo.spring.io/libs-release/org/springframework/spring-expression/4.1.7.RELEASE/spring-expression-4.1.7.RELEASE.pom
2015-09-21 10:36:54,868 [Worker-13] INFO  o.e.m.c.i.e.AbstractTransferListenerAdapter - Downloaded https://repo.spring.io/libs-release/org/springframework/spring-expression/4.1.7.RELEASE/spring-expression-4.1.7.RELEASE.pom
2015-09-21 10:36:55,175 [Worker-13] INFO  o.e.m.c.i.e.AbstractTransferListenerAdapter - Downloading https://repo.spring.io/libs-release/org/springframework/boot/spring-boot-autoconfigure/1.2.5.RELEASE/spring-boot-autoconfigure-1.2.5.RELEASE.pom
2015-09-21 10:36:55,483 [Worker-13] INFO  o.e.m.c.i.e.AbstractTransferListenerAdapter - Downloaded https://repo.spring.io/libs-release/org/springframework/boot/spring-boot-autoconfigure/1.2.5.RELEASE/spring-boot-autoconfigure-1.2.5.RELEASE.pom
2015-09-21 10:36:55,774 [Worker-13] INFO  o.e.m.c.i.e.AbstractTransferListenerAdapter - Downloading https://repo.spring.io/libs-release/org/yaml/snakeyaml/1.14/snakeyaml-1.14.pom
2015-09-21 10:36:56,302 [Worker-13] INFO  o.e.m.c.i.e.AbstractTransferListenerAdapter - Downloaded https://repo.spring.io/libs-release/org/yaml/snakeyaml/1.14/snakeyaml-1.14.pom
2015-09-21 10:36:56,573 [Worker-13] INFO  o.e.m.c.i.e.AbstractTransferListenerAdapter - Downloading https://repo.spring.io/libs-release/org/springframework/boot/spring-boot-starter-logging/1.2.5.RELEASE/spring-boot-starter-logging-1.2.5.RELEASE.pom
2015-09-21 10:36:56,831 [Worker-13] INFO  o.e.m.c.i.e.AbstractTransferListenerAdapter - Downloaded https://repo.spring.io/libs-release/org/springframework/boot/spring-boot-starter-logging/1.2.5.RELEASE/spring-boot-starter-logging-1.2.5.RELEASE.pom
2015-09-21 10:36:57,102 [Worker-13] INFO  o.e.m.c.i.e.AbstractTransferListenerAdapter - Downloading https://repo.spring.io/libs-release/org/slf4j/jcl-over-slf4j/1.7.12/jcl-over-slf4j-1.7.12.pom
2015-09-21 10:36:57,364 [Worker-13] INFO  o.e.m.c.i.e.AbstractTransferListenerAdapter - Downloaded https://repo.spring.io/libs-release/org/slf4j/jcl-over-slf4j/1.7.12/jcl-over-slf4j-1.7.12.pom
2015-09-21 10:36:57,734 [Worker-13] INFO  o.e.m.c.i.e.AbstractTransferListenerAdapter - Downloading https://repo.spring.io/libs-release/org/slf4j/slf4j-parent/1.7.12/slf4j-parent-1.7.12.pom
2015-09-21 10:36:58,044 [Worker-13] INFO  o.e.m.c.i.e.AbstractTransferListenerAdapter - Downloaded https://repo.spring.io/libs-release/org/slf4j/slf4j-parent/1.7.12/slf4j-parent-1.7.12.pom
2015-09-21 10:36:59,357 [Worker-13] INFO  o.e.m.c.i.e.AbstractTransferListenerAdapter - Downloading https://repo.spring.io/libs-release/org/slf4j/slf4j-api/1.7.12/slf4j-api-1.7.12.pom
2015-09-21 10:36:59,615 [Worker-13] INFO  o.e.m.c.i.e.AbstractTransferListenerAdapter - Downloaded https://repo.spring.io/libs-release/org/slf4j/slf4j-api/1.7.12/slf4j-api-1.7.12.pom
2015-09-21 10:36:59,884 [Worker-13] INFO  o.e.m.c.i.e.AbstractTransferListenerAdapter - Downloading https://repo.spring.io/libs-release/org/slf4j/jul-to-slf4j/1.7.12/jul-to-slf4j-1.7.12.pom
2015-09-21 10:37:00,144 [Worker-13] INFO  o.e.m.c.i.e.AbstractTransferListenerAdapter - Downloaded https://repo.spring.io/libs-release/org/slf4j/jul-to-slf4j/1.7.12/jul-to-slf4j-1.7.12.pom
2015-09-21 10:37:00,499 [Worker-13] INFO  o.e.m.c.i.e.AbstractTransferListenerAdapter - Downloading https://repo.spring.io/libs-release/org/slf4j/log4j-over-slf4j/1.7.12/log4j-over-slf4j-1.7.12.pom
2015-09-21 10:37:00,808 [Worker-13] INFO  o.e.m.c.i.e.AbstractTransferListenerAdapter - Downloaded https://repo.spring.io/libs-release/org/slf4j/log4j-over-slf4j/1.7.12/log4j-over-slf4j-1.7.12.pom
2015-09-21 10:37:01,136 [Worker-13] INFO  o.e.m.c.i.e.AbstractTransferListenerAdapter - Downloading https://repo.spring.io/libs-release/ch/qos/logback/logback-classic/1.1.3/logback-classic-1.1.3.pom
2015-09-21 10:37:01,400 [Worker-13] INFO  o.e.m.c.i.e.AbstractTransferListenerAdapter - Downloaded https://repo.spring.io/libs-release/ch/qos/logback/logback-classic/1.1.3/logback-classic-1.1.3.pom
2015-09-21 10:37:01,670 [Worker-13] INFO  o.e.m.c.i.e.AbstractTransferListenerAdapter - Downloading https://repo.spring.io/libs-release/ch/qos/logback/logback-parent/1.1.3/logback-parent-1.1.3.pom
2015-09-21 10:37:02,264 [Worker-13] INFO  o.e.m.c.i.e.AbstractTransferListenerAdapter - Downloaded https://repo.spring.io/libs-release/ch/qos/logback/logback-parent/1.1.3/logback-parent-1.1.3.pom
2015-09-21 10:37:02,536 [Worker-13] INFO  o.e.m.c.i.e.AbstractTransferListenerAdapter - Downloading https://repo.spring.io/libs-release/ch/qos/logback/logback-core/1.1.3/logback-core-1.1.3.pom
2015-09-21 10:37:02,803 [Worker-13] INFO  o.e.m.c.i.e.AbstractTransferListenerAdapter - Downloaded https://repo.spring.io/libs-release/ch/qos/logback/logback-core/1.1.3/logback-core-1.1.3.pom
2015-09-21 10:37:03,067 [Worker-13] INFO  o.e.m.c.i.e.AbstractTransferListenerAdapter - Downloading https://repo.spring.io/libs-release/org/springframework/boot/spring-boot-starter-tomcat/1.2.5.RELEASE/spring-boot-starter-tomcat-1.2.5.RELEASE.pom
2015-09-21 10:37:03,367 [Worker-13] INFO  o.e.m.c.i.e.AbstractTransferListenerAdapter - Downloaded https://repo.spring.io/libs-release/org/springframework/boot/spring-boot-starter-tomcat/1.2.5.RELEASE/spring-boot-starter-tomcat-1.2.5.RELEASE.pom
2015-09-21 10:37:03,659 [Worker-13] INFO  o.e.m.c.i.e.AbstractTransferListenerAdapter - Downloading https://repo.spring.io/libs-release/org/apache/tomcat/embed/tomcat-embed-core/8.0.23/tomcat-embed-core-8.0.23.pom
2015-09-21 10:37:03,982 [Worker-13] INFO  o.e.m.c.i.e.AbstractTransferListenerAdapter - Downloaded https://repo.spring.io/libs-release/org/apache/tomcat/embed/tomcat-embed-core/8.0.23/tomcat-embed-core-8.0.23.pom
2015-09-21 10:37:04,287 [Worker-13] INFO  o.e.m.c.i.e.AbstractTransferListenerAdapter - Downloading https://repo.spring.io/libs-release/org/apache/tomcat/embed/tomcat-embed-el/8.0.23/tomcat-embed-el-8.0.23.pom
2015-09-21 10:37:04,597 [Worker-13] INFO  o.e.m.c.i.e.AbstractTransferListenerAdapter - Downloaded https://repo.spring.io/libs-release/org/apache/tomcat/embed/tomcat-embed-el/8.0.23/tomcat-embed-el-8.0.23.pom
2015-09-21 10:37:05,927 [Worker-13] INFO  o.e.m.c.i.e.AbstractTransferListenerAdapter - Downloading https://repo.spring.io/libs-release/org/apache/tomcat/embed/tomcat-embed-logging-juli/8.0.23/tomcat-embed-logging-juli-8.0.23.pom
2015-09-21 10:37:06,192 [Worker-13] INFO  o.e.m.c.i.e.AbstractTransferListenerAdapter - Downloaded https://repo.spring.io/libs-release/org/apache/tomcat/embed/tomcat-embed-logging-juli/8.0.23/tomcat-embed-logging-juli-8.0.23.pom
2015-09-21 10:37:06,464 [Worker-13] INFO  o.e.m.c.i.e.AbstractTransferListenerAdapter - Downloading https://repo.spring.io/libs-release/org/apache/tomcat/embed/tomcat-embed-websocket/8.0.23/tomcat-embed-websocket-8.0.23.pom
2015-09-21 10:37:06,726 [Worker-13] INFO  o.e.m.c.i.e.AbstractTransferListenerAdapter - Downloaded https://repo.spring.io/libs-release/org/apache/tomcat/embed/tomcat-embed-websocket/8.0.23/tomcat-embed-websocket-8.0.23.pom
2015-09-21 10:37:06,991 [Worker-13] INFO  o.e.m.c.i.e.AbstractTransferListenerAdapter - Downloading https://repo.spring.io/libs-release/com/fasterxml/jackson/core/jackson-databind/2.4.6/jackson-databind-2.4.6.pom
2015-09-21 10:37:07,249 [Worker-13] INFO  o.e.m.c.i.e.AbstractTransferListenerAdapter - Downloaded https://repo.spring.io/libs-release/com/fasterxml/jackson/core/jackson-databind/2.4.6/jackson-databind-2.4.6.pom
2015-09-21 10:37:07,516 [Worker-13] INFO  o.e.m.c.i.e.AbstractTransferListenerAdapter - Downloading https://repo.spring.io/libs-release/com/fasterxml/jackson/jackson-parent/2.4/jackson-parent-2.4.pom
2015-09-21 10:37:07,777 [Worker-13] INFO  o.e.m.c.i.e.AbstractTransferListenerAdapter - Downloaded https://repo.spring.io/libs-release/com/fasterxml/jackson/jackson-parent/2.4/jackson-parent-2.4.pom
2015-09-21 10:37:08,279 [Worker-13] INFO  o.e.m.c.i.e.AbstractTransferListenerAdapter - Downloading https://repo.spring.io/libs-release/com/fasterxml/oss-parent/16/oss-parent-16.pom
2015-09-21 10:37:08,592 [Worker-13] INFO  o.e.m.c.i.e.AbstractTransferListenerAdapter - Downloaded https://repo.spring.io/libs-release/com/fasterxml/oss-parent/16/oss-parent-16.pom
2015-09-21 10:37:08,859 [Worker-13] INFO  o.e.m.c.i.e.AbstractTransferListenerAdapter - Downloading https://repo.spring.io/libs-release/com/fasterxml/jackson/core/jackson-annotations/2.4.6/jackson-annotations-2.4.6.pom
2015-09-21 10:37:09,226 [Worker-13] INFO  o.e.m.c.i.e.AbstractTransferListenerAdapter - Downloaded https://repo.spring.io/libs-release/com/fasterxml/jackson/core/jackson-annotations/2.4.6/jackson-annotations-2.4.6.pom
2015-09-21 10:37:09,613 [Worker-13] INFO  o.e.m.c.i.e.AbstractTransferListenerAdapter - Downloading https://repo.spring.io/libs-release/com/fasterxml/jackson/core/jackson-core/2.4.6/jackson-core-2.4.6.pom
2015-09-21 10:37:09,930 [Worker-13] INFO  o.e.m.c.i.e.AbstractTransferListenerAdapter - Downloaded https://repo.spring.io/libs-release/com/fasterxml/jackson/core/jackson-core/2.4.6/jackson-core-2.4.6.pom
2015-09-21 10:37:10,534 [Worker-13] INFO  o.e.m.c.i.e.AbstractTransferListenerAdapter - Downloading https://repo.spring.io/libs-release/org/hibernate/hibernate-validator/5.1.3.Final/hibernate-validator-5.1.3.Final.pom
2015-09-21 10:37:10,945 [Worker-13] INFO  o.e.m.c.i.e.AbstractTransferListenerAdapter - Downloaded https://repo.spring.io/libs-release/org/hibernate/hibernate-validator/5.1.3.Final/hibernate-validator-5.1.3.Final.pom
2015-09-21 10:37:11,252 [Worker-13] INFO  o.e.m.c.i.e.AbstractTransferListenerAdapter - Downloading https://repo.spring.io/libs-release/org/hibernate/hibernate-validator-parent/5.1.3.Final/hibernate-validator-parent-5.1.3.Final.pom
2015-09-21 10:37:11,786 [Worker-13] INFO  o.e.m.c.i.e.AbstractTransferListenerAdapter - Downloaded https://repo.spring.io/libs-release/org/hibernate/hibernate-validator-parent/5.1.3.Final/hibernate-validator-parent-5.1.3.Final.pom
2015-09-21 10:37:12,175 [Worker-13] INFO  o.e.m.c.i.e.AbstractTransferListenerAdapter - Downloading https://repo.spring.io/libs-release/org/jboss/arquillian/arquillian-bom/1.0.2.Final/arquillian-bom-1.0.2.Final.pom
2015-09-21 10:37:12,481 [Worker-13] INFO  o.e.m.c.i.e.AbstractTransferListenerAdapter - Downloaded https://repo.spring.io/libs-release/org/jboss/arquillian/arquillian-bom/1.0.2.Final/arquillian-bom-1.0.2.Final.pom
2015-09-21 10:37:12,750 [Worker-13] INFO  o.e.m.c.i.e.AbstractTransferListenerAdapter - Downloading https://repo.spring.io/libs-release/org/jboss/shrinkwrap/shrinkwrap-bom/1.0.1/shrinkwrap-bom-1.0.1.pom
2015-09-21 10:37:13,019 [Worker-13] INFO  o.e.m.c.i.e.AbstractTransferListenerAdapter - Downloaded https://repo.spring.io/libs-release/org/jboss/shrinkwrap/shrinkwrap-bom/1.0.1/shrinkwrap-bom-1.0.1.pom
2015-09-21 10:37:13,292 [Worker-13] INFO  o.e.m.c.i.e.AbstractTransferListenerAdapter - Downloading https://repo.spring.io/libs-release/org/jboss/shrinkwrap/resolver/shrinkwrap-resolver-bom/1.0.0-beta-7/shrinkwrap-resolver-bom-1.0.0-beta-7.pom
2015-09-21 10:37:13,563 [Worker-13] INFO  o.e.m.c.i.e.AbstractTransferListenerAdapter - Downloaded https://repo.spring.io/libs-release/org/jboss/shrinkwrap/resolver/shrinkwrap-resolver-bom/1.0.0-beta-7/shrinkwrap-resolver-bom-1.0.0-beta-7.pom
2015-09-21 10:37:13,830 [Worker-13] INFO  o.e.m.c.i.e.AbstractTransferListenerAdapter - Downloading https://repo.spring.io/libs-release/org/jboss/shrinkwrap/descriptors/shrinkwrap-descriptors-bom/2.0.0-alpha-3/shrinkwrap-descriptors-bom-2.0.0-alpha-3.pom
2015-09-21 10:37:14,124 [Worker-13] INFO  o.e.m.c.i.e.AbstractTransferListenerAdapter - Downloaded https://repo.spring.io/libs-release/org/jboss/shrinkwrap/descriptors/shrinkwrap-descriptors-bom/2.0.0-alpha-3/shrinkwrap-descriptors-bom-2.0.0-alpha-3.pom
2015-09-21 10:37:14,429 [Worker-13] INFO  o.e.m.c.i.e.AbstractTransferListenerAdapter - Downloading https://repo.spring.io/libs-release/javax/validation/validation-api/1.1.0.Final/validation-api-1.1.0.Final.pom
2015-09-21 10:37:14,695 [Worker-13] INFO  o.e.m.c.i.e.AbstractTransferListenerAdapter - Downloaded https://repo.spring.io/libs-release/javax/validation/validation-api/1.1.0.Final/validation-api-1.1.0.Final.pom
2015-09-21 10:37:15,040 [Worker-13] INFO  o.e.m.c.i.e.AbstractTransferListenerAdapter - Downloading https://repo.spring.io/libs-release/org/jboss/logging/jboss-logging/3.1.3.GA/jboss-logging-3.1.3.GA.pom
2015-09-21 10:37:15,384 [Worker-13] INFO  o.e.m.c.i.e.AbstractTransferListenerAdapter - Downloaded https://repo.spring.io/libs-release/org/jboss/logging/jboss-logging/3.1.3.GA/jboss-logging-3.1.3.GA.pom
2015-09-21 10:37:15,756 [Worker-13] INFO  o.e.m.c.i.e.AbstractTransferListenerAdapter - Downloading https://repo.spring.io/libs-release/org/jboss/jboss-parent/9/jboss-parent-9.pom
2015-09-21 10:37:16,336 [Worker-13] INFO  o.e.m.c.i.e.AbstractTransferListenerAdapter - Downloaded https://repo.spring.io/libs-release/org/jboss/jboss-parent/9/jboss-parent-9.pom
2015-09-21 10:37:16,678 [Worker-13] INFO  o.e.m.c.i.e.AbstractTransferListenerAdapter - Downloading https://repo.spring.io/libs-release/com/fasterxml/classmate/1.0.0/classmate-1.0.0.pom
2015-09-21 10:37:16,946 [Worker-13] INFO  o.e.m.c.i.e.AbstractTransferListenerAdapter - Downloaded https://repo.spring.io/libs-release/com/fasterxml/classmate/1.0.0/classmate-1.0.0.pom
2015-09-21 10:37:17,213 [Worker-13] INFO  o.e.m.c.i.e.AbstractTransferListenerAdapter - Downloading https://repo.spring.io/libs-release/org/sonatype/oss/oss-parent/7/oss-parent-7.pom
2015-09-21 10:37:17,475 [Worker-13] INFO  o.e.m.c.i.e.AbstractTransferListenerAdapter - Downloaded https://repo.spring.io/libs-release/org/sonatype/oss/oss-parent/7/oss-parent-7.pom
2015-09-21 10:37:17,804 [Worker-13] INFO  o.e.m.c.i.e.AbstractTransferListenerAdapter - Downloading https://repo.spring.io/libs-release/org/springframework/spring-web/4.1.7.RELEASE/spring-web-4.1.7.RELEASE.pom
2015-09-21 10:37:18,057 [Worker-13] INFO  o.e.m.c.i.e.AbstractTransferListenerAdapter - Downloaded https://repo.spring.io/libs-release/org/springframework/spring-web/4.1.7.RELEASE/spring-web-4.1.7.RELEASE.pom
2015-09-21 10:37:18,329 [Worker-13] INFO  o.e.m.c.i.e.AbstractTransferListenerAdapter - Downloading https://repo.spring.io/libs-release/org/springframework/spring-webmvc/4.1.7.RELEASE/spring-webmvc-4.1.7.RELEASE.pom
2015-09-21 10:37:18,626 [Worker-13] INFO  o.e.m.c.i.e.AbstractTransferListenerAdapter - Downloaded https://repo.spring.io/libs-release/org/springframework/spring-webmvc/4.1.7.RELEASE/spring-webmvc-4.1.7.RELEASE.pom
2015-09-21 10:37:18,920 [Worker-13] INFO  o.e.m.c.i.e.AbstractTransferListenerAdapter - Downloading https://repo.spring.io/libs-release/org/springframework/boot/spring-boot-starter-web/1.2.5.RELEASE/spring-boot-starter-web-1.2.5.RELEASE.jar
2015-09-21 10:37:19,242 [Worker-13] INFO  o.e.m.c.i.e.AbstractTransferListenerAdapter - Downloaded https://repo.spring.io/libs-release/org/springframework/boot/spring-boot-starter-web/1.2.5.RELEASE/spring-boot-starter-web-1.2.5.RELEASE.jar
2015-09-21 10:37:19,503 [Worker-13] INFO  o.e.m.c.i.e.AbstractTransferListenerAdapter - Downloading https://repo.spring.io/libs-release/org/springframework/boot/spring-boot-starter/1.2.5.RELEASE/spring-boot-starter-1.2.5.RELEASE.jar
2015-09-21 10:37:19,767 [Worker-13] INFO  o.e.m.c.i.e.AbstractTransferListenerAdapter - Downloaded https://repo.spring.io/libs-release/org/springframework/boot/spring-boot-starter/1.2.5.RELEASE/spring-boot-starter-1.2.5.RELEASE.jar
2015-09-21 10:37:20,079 [Worker-13] INFO  o.e.m.c.i.e.AbstractTransferListenerAdapter - Downloading https://repo.spring.io/libs-release/org/springframework/boot/spring-boot/1.2.5.RELEASE/spring-boot-1.2.5.RELEASE.jar
2015-09-21 10:37:24,069 [Worker-13] INFO  o.e.m.c.i.e.AbstractTransferListenerAdapter - Downloaded https://repo.spring.io/libs-release/org/springframework/boot/spring-boot/1.2.5.RELEASE/spring-boot-1.2.5.RELEASE.jar
2015-09-21 10:37:24,359 [Worker-13] INFO  o.e.m.c.i.e.AbstractTransferListenerAdapter - Downloading https://repo.spring.io/libs-release/org/springframework/boot/spring-boot-autoconfigure/1.2.5.RELEASE/spring-boot-autoconfigure-1.2.5.RELEASE.jar
2015-09-21 10:37:27,475 [Worker-13] INFO  o.e.m.c.i.e.AbstractTransferListenerAdapter - Downloaded https://repo.spring.io/libs-release/org/springframework/boot/spring-boot-autoconfigure/1.2.5.RELEASE/spring-boot-autoconfigure-1.2.5.RELEASE.jar
2015-09-21 10:37:27,838 [Worker-13] INFO  o.e.m.c.i.e.AbstractTransferListenerAdapter - Downloading https://repo.spring.io/libs-release/org/springframework/boot/spring-boot-starter-logging/1.2.5.RELEASE/spring-boot-starter-logging-1.2.5.RELEASE.jar
2015-09-21 10:37:28,149 [Worker-13] INFO  o.e.m.c.i.e.AbstractTransferListenerAdapter - Downloaded https://repo.spring.io/libs-release/org/springframework/boot/spring-boot-starter-logging/1.2.5.RELEASE/spring-boot-starter-logging-1.2.5.RELEASE.jar
2015-09-21 10:37:28,455 [Worker-13] INFO  o.e.m.c.i.e.AbstractTransferListenerAdapter - Downloading https://repo.spring.io/libs-release/org/slf4j/jcl-over-slf4j/1.7.12/jcl-over-slf4j-1.7.12.jar
2015-09-21 10:37:28,763 [Worker-13] INFO  o.e.m.c.i.e.AbstractTransferListenerAdapter - Downloaded https://repo.spring.io/libs-release/org/slf4j/jcl-over-slf4j/1.7.12/jcl-over-slf4j-1.7.12.jar
2015-09-21 10:37:29,026 [Worker-13] INFO  o.e.m.c.i.e.AbstractTransferListenerAdapter - Downloading https://repo.spring.io/libs-release/org/slf4j/slf4j-api/1.7.12/slf4j-api-1.7.12.jar
2015-09-21 10:37:29,377 [Worker-13] INFO  o.e.m.c.i.e.AbstractTransferListenerAdapter - Downloaded https://repo.spring.io/libs-release/org/slf4j/slf4j-api/1.7.12/slf4j-api-1.7.12.jar
2015-09-21 10:37:29,643 [Worker-13] INFO  o.e.m.c.i.e.AbstractTransferListenerAdapter - Downloading https://repo.spring.io/libs-release/org/slf4j/jul-to-slf4j/1.7.12/jul-to-slf4j-1.7.12.jar
2015-09-21 10:37:29,929 [Worker-13] INFO  o.e.m.c.i.e.AbstractTransferListenerAdapter - Downloaded https://repo.spring.io/libs-release/org/slf4j/jul-to-slf4j/1.7.12/jul-to-slf4j-1.7.12.jar
2015-09-21 10:37:30,605 [Worker-13] INFO  o.e.m.c.i.e.AbstractTransferListenerAdapter - Downloading https://repo.spring.io/libs-release/org/slf4j/log4j-over-slf4j/1.7.12/log4j-over-slf4j-1.7.12.jar
2015-09-21 10:37:30,876 [Worker-13] INFO  o.e.m.c.i.e.AbstractTransferListenerAdapter - Downloaded https://repo.spring.io/libs-release/org/slf4j/log4j-over-slf4j/1.7.12/log4j-over-slf4j-1.7.12.jar
2015-09-21 10:37:33,037 [Worker-13] INFO  o.e.m.c.i.e.AbstractTransferListenerAdapter - Downloading https://repo.spring.io/libs-release/ch/qos/logback/logback-classic/1.1.3/logback-classic-1.1.3.jar
2015-09-21 10:37:35,056 [Worker-13] INFO  o.e.m.c.i.e.AbstractTransferListenerAdapter - Downloaded https://repo.spring.io/libs-release/ch/qos/logback/logback-classic/1.1.3/logback-classic-1.1.3.jar
2015-09-21 10:37:35,840 [Worker-13] INFO  o.e.m.c.i.e.AbstractTransferListenerAdapter - Downloading https://repo.spring.io/libs-release/ch/qos/logback/logback-core/1.1.3/logback-core-1.1.3.jar
2015-09-21 10:37:37,303 [Worker-13] INFO  o.e.m.c.i.e.AbstractTransferListenerAdapter - Downloaded https://repo.spring.io/libs-release/ch/qos/logback/logback-core/1.1.3/logback-core-1.1.3.jar
2015-09-21 10:37:38,312 [Worker-13] INFO  o.e.m.c.i.e.AbstractTransferListenerAdapter - Downloading https://repo.spring.io/libs-release/org/yaml/snakeyaml/1.14/snakeyaml-1.14.jar
2015-09-21 10:37:39,084 [Worker-13] INFO  o.e.m.c.i.e.AbstractTransferListenerAdapter - Downloaded https://repo.spring.io/libs-release/org/yaml/snakeyaml/1.14/snakeyaml-1.14.jar
2015-09-21 10:37:39,350 [Worker-13] INFO  o.e.m.c.i.e.AbstractTransferListenerAdapter - Downloading https://repo.spring.io/libs-release/org/springframework/boot/spring-boot-starter-tomcat/1.2.5.RELEASE/spring-boot-starter-tomcat-1.2.5.RELEASE.jar
2015-09-21 10:37:39,754 [Worker-13] INFO  o.e.m.c.i.e.AbstractTransferListenerAdapter - Downloaded https://repo.spring.io/libs-release/org/springframework/boot/spring-boot-starter-tomcat/1.2.5.RELEASE/spring-boot-starter-tomcat-1.2.5.RELEASE.jar
2015-09-21 10:37:40,655 [Worker-13] INFO  o.e.m.c.i.e.AbstractTransferListenerAdapter - Downloading https://repo.spring.io/libs-release/org/apache/tomcat/embed/tomcat-embed-core/8.0.23/tomcat-embed-core-8.0.23.jar
2015-09-21 10:37:55,533 [main] INFO  o.e.m2e.actions.ExecutePomAction - Creating new launch configuration
2015-09-21 10:57:38,453 [main] INFO  o.e.m2e.actions.ExecutePomAction - Using existing launch configuration
2015-09-21 10:57:43,879 [Worker-28] INFO  o.e.m.i.launch.MavenLaunchDelegate - /Users/navink/Documents/workspace/test/RestAPI
2015-09-21 10:57:43,879 [Worker-28] INFO  o.e.m.i.launch.MavenLaunchDelegate -  mvn  -B 
2015-09-21 11:04:52,008 [Worker-36] ERROR o.e.m.c.i.p.r.ProjectRegistryManager - Failed to read Maven project: 1 problem was encountered while building the effective model
[FATAL] Non-readable POM /Users/navink/Documents/workspace/test/RestAPI/pom.xml: no more data available - expected end tag </project> to close start tag <project> from line 2, parser stopped on END_TAG seen ...</plugins>\n    </build>... @36:13 @ 
 for project  at /Users/navink/Documents/workspace/test/RestAPI/pom.xml
org.apache.maven.project.ProjectBuildingException: 1 problem was encountered while building the effective model
[FATAL] Non-readable POM /Users/navink/Documents/workspace/test/RestAPI/pom.xml: no more data available - expected end tag </project> to close start tag <project> from line 2, parser stopped on END_TAG seen ...</plugins>\n    </build>... @36:13 @ 
 for project  at /Users/navink/Documents/workspace/test/RestAPI/pom.xml
	at org.apache.maven.project.DefaultProjectBuilder.build(DefaultProjectBuilder.java:168) ~[maven-core-3.3.3.jar:3.3.3]
	at org.apache.maven.project.DefaultProjectBuilder.build(DefaultProjectBuilder.java:119) ~[maven-core-3.3.3.jar:3.3.3]
	at org.eclipse.m2e.core.internal.embedder.MavenImpl.readMavenProject(MavenImpl.java:636) ~[org.eclipse.m2e.core_1.6.2.20150902-0002.jar:na]
	at org.eclipse.m2e.core.internal.project.registry.ProjectRegistryManager$5.call(ProjectRegistryManager.java:815) ~[org.eclipse.m2e.core_1.6.2.20150902-0002.jar:na]
	at org.eclipse.m2e.core.internal.project.registry.ProjectRegistryManager$5.call(ProjectRegistryManager.java:1) ~[org.eclipse.m2e.core_1.6.2.20150902-0002.jar:na]
	at org.eclipse.m2e.core.internal.embedder.MavenExecutionContext.executeBare(MavenExecutionContext.java:176) ~[org.eclipse.m2e.core_1.6.2.20150902-0002.jar:na]
	at org.eclipse.m2e.core.internal.embedder.MavenExecutionContext.execute(MavenExecutionContext.java:151) ~[org.eclipse.m2e.core_1.6.2.20150902-0002.jar:na]
	at org.eclipse.m2e.core.internal.embedder.MavenExecutionContext.execute(MavenExecutionContext.java:99) ~[org.eclipse.m2e.core_1.6.2.20150902-0002.jar:na]
	at org.eclipse.m2e.core.internal.project.registry.ProjectRegistryManager.execute(ProjectRegistryManager.java:956) ~[org.eclipse.m2e.core_1.6.2.20150902-0002.jar:na]
	at org.eclipse.m2e.core.internal.project.registry.ProjectRegistryManager.readProjectWithDependencies(ProjectRegistryManager.java:811) ~[org.eclipse.m2e.core_1.6.2.20150902-0002.jar:na]
	at org.eclipse.m2e.core.internal.project.registry.ProjectRegistryManager.create(ProjectRegistryManager.java:191) ~[org.eclipse.m2e.core_1.6.2.20150902-0002.jar:na]
	at org.eclipse.m2e.core.internal.project.registry.MavenProjectManager.create(MavenProjectManager.java:80) [org.eclipse.m2e.core_1.6.2.20150902-0002.jar:na]
	at org.eclipse.m2e.core.ui.internal.actions.SelectionUtil.getMavenProject(SelectionUtil.java:259) [org.eclipse.m2e.core.ui_1.6.2.20150902-0002.jar:na]
	at org.eclipse.m2e.editor.pom.MavenPomEditor.readMavenProject(MavenPomEditor.java:729) [org.eclipse.m2e.editor_1.6.2.20150902-0002.jar:na]
	at org.eclipse.m2e.editor.pom.MavenPomEditor$5.run(MavenPomEditor.java:1050) [org.eclipse.m2e.editor_1.6.2.20150902-0002.jar:na]
	at org.eclipse.core.internal.jobs.Worker.run(Worker.java:55) [org.eclipse.core.jobs_3.7.0.v20150330-2103.jar:na]
Caused by: org.apache.maven.model.building.ModelBuildingException: 1 problem was encountered while building the effective model
[FATAL] Non-readable POM /Users/navink/Documents/workspace/test/RestAPI/pom.xml: no more data available - expected end tag </project> to close start tag <project> from line 2, parser stopped on END_TAG seen ...</plugins>\n    </build>... @36:13 @ 

	at org.apache.maven.model.building.DefaultModelProblemCollector.newModelBuildingException(DefaultModelProblemCollector.java:197) ~[maven-model-builder-3.3.3.jar:3.3.3]
	at org.apache.maven.model.building.DefaultModelBuilder.readModel(DefaultModelBuilder.java:594) ~[maven-model-builder-3.3.3.jar:3.3.3]
	at org.apache.maven.model.building.DefaultModelBuilder.build(DefaultModelBuilder.java:269) ~[maven-model-builder-3.3.3.jar:3.3.3]
	at org.apache.maven.project.DefaultProjectBuilder.build(DefaultProjectBuilder.java:161) ~[maven-core-3.3.3.jar:3.3.3]
	... 15 common frames omitted
2015-09-21 11:06:12,281 [main] INFO  o.e.m2e.actions.ExecutePomAction - Using existing launch configuration
2015-09-21 11:06:17,227 [Worker-32] INFO  o.e.m.i.launch.MavenLaunchDelegate - /Users/navink/Documents/workspace/test/RestAPI
2015-09-21 11:06:17,227 [Worker-32] INFO  o.e.m.i.launch.MavenLaunchDelegate -  mvn  -B 
2015-09-21 11:07:06,083 [Worker-32] INFO  o.e.m.c.i.e.AbstractTransferListenerAdapter - Downloading http://repo.spring.io/libs-release/org/springframework/boot/spring-boot-starter-parent/1.1.6.RELEASE/spring-boot-starter-parent-1.1.6.RELEASE.pom
2015-09-21 11:07:06,620 [Worker-32] INFO  o.e.m.c.i.e.AbstractTransferListenerAdapter - Downloaded http://repo.spring.io/libs-release/org/springframework/boot/spring-boot-starter-parent/1.1.6.RELEASE/spring-boot-starter-parent-1.1.6.RELEASE.pom
2015-09-21 11:07:06,934 [Worker-32] INFO  o.e.m.c.i.e.AbstractTransferListenerAdapter - Downloading http://repo.spring.io/libs-release/org/springframework/boot/spring-boot-dependencies/1.1.6.RELEASE/spring-boot-dependencies-1.1.6.RELEASE.pom
2015-09-21 11:07:08,216 [Worker-32] INFO  o.e.m.c.i.e.AbstractTransferListenerAdapter - Downloaded http://repo.spring.io/libs-release/org/springframework/boot/spring-boot-dependencies/1.1.6.RELEASE/spring-boot-dependencies-1.1.6.RELEASE.pom
2015-09-21 11:07:08,505 [Worker-32] INFO  o.e.m.c.i.e.AbstractTransferListenerAdapter - Downloading http://repo.spring.io/libs-release/org/springframework/spring-framework-bom/4.0.7.RELEASE/spring-framework-bom-4.0.7.RELEASE.pom
2015-09-21 11:07:08,775 [Worker-32] INFO  o.e.m.c.i.e.AbstractTransferListenerAdapter - Downloaded http://repo.spring.io/libs-release/org/springframework/spring-framework-bom/4.0.7.RELEASE/spring-framework-bom-4.0.7.RELEASE.pom
2015-09-21 11:07:09,077 [Worker-32] INFO  o.e.m.c.i.e.AbstractTransferListenerAdapter - Downloading http://repo.spring.io/libs-release/org/springframework/data/spring-data-releasetrain/Dijkstra-SR4/spring-data-releasetrain-Dijkstra-SR4.pom
2015-09-21 11:07:09,480 [Worker-32] INFO  o.e.m.c.i.e.AbstractTransferListenerAdapter - Downloaded http://repo.spring.io/libs-release/org/springframework/data/spring-data-releasetrain/Dijkstra-SR4/spring-data-releasetrain-Dijkstra-SR4.pom
2015-09-21 11:07:09,801 [Worker-32] INFO  o.e.m.c.i.e.AbstractTransferListenerAdapter - Downloading http://repo.spring.io/libs-release/org/springframework/data/build/spring-data-build/1.4.4.RELEASE/spring-data-build-1.4.4.RELEASE.pom
2015-09-21 11:07:10,076 [Worker-32] INFO  o.e.m.c.i.e.AbstractTransferListenerAdapter - Downloaded http://repo.spring.io/libs-release/org/springframework/data/build/spring-data-build/1.4.4.RELEASE/spring-data-build-1.4.4.RELEASE.pom
2015-09-21 11:07:10,390 [Worker-32] INFO  o.e.m.c.i.e.AbstractTransferListenerAdapter - Downloading http://repo.spring.io/libs-release/org/springframework/integration/spring-integration-bom/4.0.3.RELEASE/spring-integration-bom-4.0.3.RELEASE.pom
2015-09-21 11:07:10,662 [Worker-32] INFO  o.e.m.c.i.e.AbstractTransferListenerAdapter - Downloaded http://repo.spring.io/libs-release/org/springframework/integration/spring-integration-bom/4.0.3.RELEASE/spring-integration-bom-4.0.3.RELEASE.pom
2015-09-21 11:07:10,958 [Worker-32] INFO  o.e.m.c.i.e.AbstractTransferListenerAdapter - Downloading http://repo.spring.io/libs-release/org/springframework/security/spring-security-bom/3.2.5.RELEASE/spring-security-bom-3.2.5.RELEASE.pom
2015-09-21 11:07:11,230 [Worker-32] INFO  o.e.m.c.i.e.AbstractTransferListenerAdapter - Downloaded http://repo.spring.io/libs-release/org/springframework/security/spring-security-bom/3.2.5.RELEASE/spring-security-bom-3.2.5.RELEASE.pom
2015-09-21 11:07:11,548 [main] INFO  o.e.m2e.actions.ExecutePomAction - Using existing launch configuration
2015-09-21 11:07:11,592 [Worker-32] INFO  o.e.m.c.i.e.AbstractTransferListenerAdapter - Downloading http://repo.spring.io/libs-release/org/springframework/boot/spring-boot-starter-web/1.1.6.RELEASE/spring-boot-starter-web-1.1.6.RELEASE.pom
2015-09-21 11:07:11,877 [Worker-32] INFO  o.e.m.c.i.e.AbstractTransferListenerAdapter - Downloaded http://repo.spring.io/libs-release/org/springframework/boot/spring-boot-starter-web/1.1.6.RELEASE/spring-boot-starter-web-1.1.6.RELEASE.pom
2015-09-21 11:07:12,194 [Worker-32] INFO  o.e.m.c.i.e.AbstractTransferListenerAdapter - Downloading http://repo.spring.io/libs-release/org/springframework/boot/spring-boot-starters/1.1.6.RELEASE/spring-boot-starters-1.1.6.RELEASE.pom
2015-09-21 11:07:12,464 [Worker-32] INFO  o.e.m.c.i.e.AbstractTransferListenerAdapter - Downloaded http://repo.spring.io/libs-release/org/springframework/boot/spring-boot-starters/1.1.6.RELEASE/spring-boot-starters-1.1.6.RELEASE.pom
2015-09-21 11:07:12,777 [Worker-32] INFO  o.e.m.c.i.e.AbstractTransferListenerAdapter - Downloading http://repo.spring.io/libs-release/org/springframework/boot/spring-boot-parent/1.1.6.RELEASE/spring-boot-parent-1.1.6.RELEASE.pom
2015-09-21 11:07:13,050 [Worker-32] INFO  o.e.m.c.i.e.AbstractTransferListenerAdapter - Downloaded http://repo.spring.io/libs-release/org/springframework/boot/spring-boot-parent/1.1.6.RELEASE/spring-boot-parent-1.1.6.RELEASE.pom
2015-09-21 11:07:13,386 [Worker-32] INFO  o.e.m.c.i.e.AbstractTransferListenerAdapter - Downloading http://repo.spring.io/libs-release/org/springframework/boot/spring-boot-starter/1.1.6.RELEASE/spring-boot-starter-1.1.6.RELEASE.pom
2015-09-21 11:07:13,701 [Worker-32] INFO  o.e.m.c.i.e.AbstractTransferListenerAdapter - Downloaded http://repo.spring.io/libs-release/org/springframework/boot/spring-boot-starter/1.1.6.RELEASE/spring-boot-starter-1.1.6.RELEASE.pom
2015-09-21 11:07:13,830 [Worker-36] INFO  o.e.m.i.launch.MavenLaunchDelegate - /Users/navink/Documents/workspace/test/RestAPI
2015-09-21 11:07:13,830 [Worker-36] INFO  o.e.m.i.launch.MavenLaunchDelegate -  mvn  -B 
2015-09-21 11:07:14,029 [Worker-32] INFO  o.e.m.c.i.e.AbstractTransferListenerAdapter - Downloading http://repo.spring.io/libs-release/org/springframework/boot/spring-boot/1.1.6.RELEASE/spring-boot-1.1.6.RELEASE.pom
2015-09-21 11:07:14,368 [Worker-32] INFO  o.e.m.c.i.e.AbstractTransferListenerAdapter - Downloaded http://repo.spring.io/libs-release/org/springframework/boot/spring-boot/1.1.6.RELEASE/spring-boot-1.1.6.RELEASE.pom
2015-09-21 11:07:14,687 [Worker-32] INFO  o.e.m.c.i.e.AbstractTransferListenerAdapter - Downloading http://repo.spring.io/libs-release/org/springframework/spring-core/4.0.7.RELEASE/spring-core-4.0.7.RELEASE.pom
2015-09-21 11:07:14,979 [Worker-32] INFO  o.e.m.c.i.e.AbstractTransferListenerAdapter - Downloaded http://repo.spring.io/libs-release/org/springframework/spring-core/4.0.7.RELEASE/spring-core-4.0.7.RELEASE.pom
2015-09-21 11:07:15,278 [Worker-32] INFO  o.e.m.c.i.e.AbstractTransferListenerAdapter - Downloading http://repo.spring.io/libs-release/org/springframework/spring-context/4.0.7.RELEASE/spring-context-4.0.7.RELEASE.pom
2015-09-21 11:07:15,553 [Worker-32] INFO  o.e.m.c.i.e.AbstractTransferListenerAdapter - Downloaded http://repo.spring.io/libs-release/org/springframework/spring-context/4.0.7.RELEASE/spring-context-4.0.7.RELEASE.pom
2015-09-21 11:07:15,849 [Worker-32] INFO  o.e.m.c.i.e.AbstractTransferListenerAdapter - Downloading http://repo.spring.io/libs-release/org/springframework/spring-aop/4.0.7.RELEASE/spring-aop-4.0.7.RELEASE.pom
2015-09-21 11:07:16,191 [Worker-32] INFO  o.e.m.c.i.e.AbstractTransferListenerAdapter - Downloaded http://repo.spring.io/libs-release/org/springframework/spring-aop/4.0.7.RELEASE/spring-aop-4.0.7.RELEASE.pom
2015-09-21 11:07:45,955 [Worker-13] INFO  o.e.m.c.i.e.AbstractTransferListenerAdapter - Downloaded https://repo.spring.io/libs-release/org/apache/tomcat/embed/tomcat-embed-core/8.0.23/tomcat-embed-core-8.0.23.jar
2015-09-21 11:07:49,418 [Worker-13] INFO  o.e.m.c.i.e.AbstractTransferListenerAdapter - Downloading https://repo.spring.io/libs-release/org/apache/tomcat/embed/tomcat-embed-el/8.0.23/tomcat-embed-el-8.0.23.jar
2015-09-21 11:07:53,928 [Worker-13] INFO  o.e.m.c.i.e.AbstractTransferListenerAdapter - Downloaded https://repo.spring.io/libs-release/org/apache/tomcat/embed/tomcat-embed-el/8.0.23/tomcat-embed-el-8.0.23.jar
2015-09-21 11:07:54,434 [Worker-13] INFO  o.e.m.c.i.e.AbstractTransferListenerAdapter - Downloading https://repo.spring.io/libs-release/org/apache/tomcat/embed/tomcat-embed-logging-juli/8.0.23/tomcat-embed-logging-juli-8.0.23.jar
2015-09-21 11:07:54,968 [Worker-13] INFO  o.e.m.c.i.e.AbstractTransferListenerAdapter - Downloaded https://repo.spring.io/libs-release/org/apache/tomcat/embed/tomcat-embed-logging-juli/8.0.23/tomcat-embed-logging-juli-8.0.23.jar
2015-09-21 11:07:55,861 [Worker-13] INFO  o.e.m.c.i.e.AbstractTransferListenerAdapter - Downloading https://repo.spring.io/libs-release/org/apache/tomcat/embed/tomcat-embed-websocket/8.0.23/tomcat-embed-websocket-8.0.23.jar
2015-09-21 11:07:57,771 [Worker-13] INFO  o.e.m.c.i.e.AbstractTransferListenerAdapter - Downloaded https://repo.spring.io/libs-release/org/apache/tomcat/embed/tomcat-embed-websocket/8.0.23/tomcat-embed-websocket-8.0.23.jar
2015-09-21 11:07:58,608 [Worker-13] INFO  o.e.m.c.i.e.AbstractTransferListenerAdapter - Downloading https://repo.spring.io/libs-release/com/fasterxml/jackson/core/jackson-databind/2.4.6/jackson-databind-2.4.6.jar
2015-09-21 11:08:03,768 [Worker-13] INFO  o.e.m.c.i.e.AbstractTransferListenerAdapter - Downloaded https://repo.spring.io/libs-release/com/fasterxml/jackson/core/jackson-databind/2.4.6/jackson-databind-2.4.6.jar
2015-09-21 11:08:04,333 [Worker-13] INFO  o.e.m.c.i.e.AbstractTransferListenerAdapter - Downloading https://repo.spring.io/libs-release/com/fasterxml/jackson/core/jackson-annotations/2.4.6/jackson-annotations-2.4.6.jar
2015-09-21 11:08:04,901 [Worker-13] INFO  o.e.m.c.i.e.AbstractTransferListenerAdapter - Downloaded https://repo.spring.io/libs-release/com/fasterxml/jackson/core/jackson-annotations/2.4.6/jackson-annotations-2.4.6.jar
2015-09-21 11:08:05,789 [Worker-13] INFO  o.e.m.c.i.e.AbstractTransferListenerAdapter - Downloading https://repo.spring.io/libs-release/com/fasterxml/jackson/core/jackson-core/2.4.6/jackson-core-2.4.6.jar
2015-09-21 11:08:06,785 [Worker-13] INFO  o.e.m.c.i.e.AbstractTransferListenerAdapter - Downloaded https://repo.spring.io/libs-release/com/fasterxml/jackson/core/jackson-core/2.4.6/jackson-core-2.4.6.jar
2015-09-21 11:08:07,646 [Worker-13] INFO  o.e.m.c.i.e.AbstractTransferListenerAdapter - Downloading https://repo.spring.io/libs-release/org/hibernate/hibernate-validator/5.1.3.Final/hibernate-validator-5.1.3.Final.jar
2015-09-21 11:08:11,340 [Worker-13] INFO  o.e.m.c.i.e.AbstractTransferListenerAdapter - Downloaded https://repo.spring.io/libs-release/org/hibernate/hibernate-validator/5.1.3.Final/hibernate-validator-5.1.3.Final.jar
2015-09-21 11:08:12,069 [Worker-13] INFO  o.e.m.c.i.e.AbstractTransferListenerAdapter - Downloading https://repo.spring.io/libs-release/javax/validation/validation-api/1.1.0.Final/validation-api-1.1.0.Final.jar
2015-09-21 11:08:12,785 [Worker-13] INFO  o.e.m.c.i.e.AbstractTransferListenerAdapter - Downloaded https://repo.spring.io/libs-release/javax/validation/validation-api/1.1.0.Final/validation-api-1.1.0.Final.jar
2015-09-21 11:08:13,115 [Worker-13] INFO  o.e.m.c.i.e.AbstractTransferListenerAdapter - Downloading https://repo.spring.io/libs-release/org/jboss/logging/jboss-logging/3.1.3.GA/jboss-logging-3.1.3.GA.jar
2015-09-21 11:08:13,633 [Worker-13] INFO  o.e.m.c.i.e.AbstractTransferListenerAdapter - Downloaded https://repo.spring.io/libs-release/org/jboss/logging/jboss-logging/3.1.3.GA/jboss-logging-3.1.3.GA.jar
2015-09-21 11:08:13,895 [Worker-13] INFO  o.e.m.c.i.e.AbstractTransferListenerAdapter - Downloading https://repo.spring.io/libs-release/com/fasterxml/classmate/1.0.0/classmate-1.0.0.jar
2015-09-21 11:08:14,526 [Worker-13] INFO  o.e.m.c.i.e.AbstractTransferListenerAdapter - Downloaded https://repo.spring.io/libs-release/com/fasterxml/classmate/1.0.0/classmate-1.0.0.jar
2015-09-21 11:08:14,837 [Worker-13] INFO  o.e.m.c.i.e.AbstractTransferListenerAdapter - Downloading https://repo.spring.io/libs-release/org/springframework/spring-core/4.1.7.RELEASE/spring-core-4.1.7.RELEASE.jar
2015-09-21 11:08:20,261 [Worker-13] INFO  o.e.m.c.i.e.AbstractTransferListenerAdapter - Downloaded https://repo.spring.io/libs-release/org/springframework/spring-core/4.1.7.RELEASE/spring-core-4.1.7.RELEASE.jar
2015-09-21 11:08:20,569 [Worker-13] INFO  o.e.m.c.i.e.AbstractTransferListenerAdapter - Downloading https://repo.spring.io/libs-release/org/springframework/spring-web/4.1.7.RELEASE/spring-web-4.1.7.RELEASE.jar
2015-09-21 11:08:23,850 [Worker-13] INFO  o.e.m.c.i.e.AbstractTransferListenerAdapter - Downloaded https://repo.spring.io/libs-release/org/springframework/spring-web/4.1.7.RELEASE/spring-web-4.1.7.RELEASE.jar
2015-09-21 11:08:24,152 [Worker-13] INFO  o.e.m.c.i.e.AbstractTransferListenerAdapter - Downloading https://repo.spring.io/libs-release/org/springframework/spring-aop/4.1.7.RELEASE/spring-aop-4.1.7.RELEASE.jar
2015-09-21 11:08:26,917 [Worker-13] INFO  o.e.m.c.i.e.AbstractTransferListenerAdapter - Downloaded https://repo.spring.io/libs-release/org/springframework/spring-aop/4.1.7.RELEASE/spring-aop-4.1.7.RELEASE.jar
2015-09-21 11:08:27,223 [Worker-13] INFO  o.e.m.c.i.e.AbstractTransferListenerAdapter - Downloading https://repo.spring.io/libs-release/aopalliance/aopalliance/1.0/aopalliance-1.0.jar
2015-09-21 11:08:27,531 [Worker-13] INFO  o.e.m.c.i.e.AbstractTransferListenerAdapter - Downloaded https://repo.spring.io/libs-release/aopalliance/aopalliance/1.0/aopalliance-1.0.jar
2015-09-21 11:08:28,071 [Worker-13] INFO  o.e.m.c.i.e.AbstractTransferListenerAdapter - Downloading https://repo.spring.io/libs-release/org/springframework/spring-beans/4.1.7.RELEASE/spring-beans-4.1.7.RELEASE.jar
2015-09-21 11:08:31,731 [Worker-13] INFO  o.e.m.c.i.e.AbstractTransferListenerAdapter - Downloaded https://repo.spring.io/libs-release/org/springframework/spring-beans/4.1.7.RELEASE/spring-beans-4.1.7.RELEASE.jar
2015-09-21 11:08:32,140 [Worker-13] INFO  o.e.m.c.i.e.AbstractTransferListenerAdapter - Downloading https://repo.spring.io/libs-release/org/springframework/spring-context/4.1.7.RELEASE/spring-context-4.1.7.RELEASE.jar
2015-09-21 11:08:37,270 [Worker-13] INFO  o.e.m.c.i.e.AbstractTransferListenerAdapter - Downloaded https://repo.spring.io/libs-release/org/springframework/spring-context/4.1.7.RELEASE/spring-context-4.1.7.RELEASE.jar
2015-09-21 11:08:37,568 [Worker-13] INFO  o.e.m.c.i.e.AbstractTransferListenerAdapter - Downloading https://repo.spring.io/libs-release/org/springframework/spring-webmvc/4.1.7.RELEASE/spring-webmvc-4.1.7.RELEASE.jar
2015-09-21 11:08:41,281 [Worker-13] INFO  o.e.m.c.i.e.AbstractTransferListenerAdapter - Downloaded https://repo.spring.io/libs-release/org/springframework/spring-webmvc/4.1.7.RELEASE/spring-webmvc-4.1.7.RELEASE.jar
2015-09-21 11:08:41,547 [Worker-13] INFO  o.e.m.c.i.e.AbstractTransferListenerAdapter - Downloading https://repo.spring.io/libs-release/org/springframework/spring-expression/4.1.7.RELEASE/spring-expression-4.1.7.RELEASE.jar
2015-09-21 11:08:42,843 [Worker-13] INFO  o.e.m.c.i.e.AbstractTransferListenerAdapter - Downloaded https://repo.spring.io/libs-release/org/springframework/spring-expression/4.1.7.RELEASE/spring-expression-4.1.7.RELEASE.jar
2015-09-21 11:08:46,166 [Worker-13] INFO  o.e.m.c.i.e.AbstractTransferListenerAdapter - Downloading https://repo.maven.apache.org/maven2/org/apache/tomcat/embed/tomcat-embed-core/8.0.23/tomcat-embed-core-8.0.23.jar
2015-09-21 11:08:47,590 [Worker-13] INFO  o.e.m.c.i.e.AbstractTransferListenerAdapter - Downloaded https://repo.maven.apache.org/maven2/org/apache/tomcat/embed/tomcat-embed-core/8.0.23/tomcat-embed-core-8.0.23.jar
2015-09-21 11:08:48,228 [Worker-32] INFO  o.e.m.c.i.e.AbstractTransferListenerAdapter - Downloading http://repo.spring.io/libs-release/org/springframework/spring-beans/4.0.7.RELEASE/spring-beans-4.0.7.RELEASE.pom
2015-09-21 11:08:48,644 [Worker-32] INFO  o.e.m.c.i.e.AbstractTransferListenerAdapter - Downloaded http://repo.spring.io/libs-release/org/springframework/spring-beans/4.0.7.RELEASE/spring-beans-4.0.7.RELEASE.pom
2015-09-21 11:08:48,952 [Worker-32] INFO  o.e.m.c.i.e.AbstractTransferListenerAdapter - Downloading http://repo.spring.io/libs-release/org/springframework/spring-expression/4.0.7.RELEASE/spring-expression-4.0.7.RELEASE.pom
2015-09-21 11:08:49,210 [Worker-32] INFO  o.e.m.c.i.e.AbstractTransferListenerAdapter - Downloaded http://repo.spring.io/libs-release/org/springframework/spring-expression/4.0.7.RELEASE/spring-expression-4.0.7.RELEASE.pom
2015-09-21 11:08:49,501 [Worker-32] INFO  o.e.m.c.i.e.AbstractTransferListenerAdapter - Downloading http://repo.spring.io/libs-release/org/springframework/boot/spring-boot-autoconfigure/1.1.6.RELEASE/spring-boot-autoconfigure-1.1.6.RELEASE.pom
2015-09-21 11:08:49,761 [Worker-32] INFO  o.e.m.c.i.e.AbstractTransferListenerAdapter - Downloaded http://repo.spring.io/libs-release/org/springframework/boot/spring-boot-autoconfigure/1.1.6.RELEASE/spring-boot-autoconfigure-1.1.6.RELEASE.pom
2015-09-21 11:08:50,083 [Worker-13] INFO  o.e.m.c.i.e.AbstractTransferListenerAdapter - Downloading http://repo.spring.io/libs-release/org/springframework/boot/spring-boot-starter-logging/1.1.6.RELEASE/spring-boot-starter-logging-1.1.6.RELEASE.pom
2015-09-21 11:08:50,346 [Worker-13] INFO  o.e.m.c.i.e.AbstractTransferListenerAdapter - Downloaded http://repo.spring.io/libs-release/org/springframework/boot/spring-boot-starter-logging/1.1.6.RELEASE/spring-boot-starter-logging-1.1.6.RELEASE.pom
2015-09-21 11:08:50,656 [Worker-32] INFO  o.e.m.c.i.e.AbstractTransferListenerAdapter - Downloading http://repo.spring.io/libs-release/org/slf4j/jcl-over-slf4j/1.7.7/jcl-over-slf4j-1.7.7.pom
2015-09-21 11:08:50,919 [Worker-32] INFO  o.e.m.c.i.e.AbstractTransferListenerAdapter - Downloaded http://repo.spring.io/libs-release/org/slf4j/jcl-over-slf4j/1.7.7/jcl-over-slf4j-1.7.7.pom
2015-09-21 11:08:51,223 [Worker-32] INFO  o.e.m.c.i.e.AbstractTransferListenerAdapter - Downloading http://repo.spring.io/libs-release/org/slf4j/slf4j-parent/1.7.7/slf4j-parent-1.7.7.pom
2015-09-21 11:08:51,749 [Worker-32] INFO  o.e.m.c.i.e.AbstractTransferListenerAdapter - Downloaded http://repo.spring.io/libs-release/org/slf4j/slf4j-parent/1.7.7/slf4j-parent-1.7.7.pom
2015-09-21 11:08:52,492 [Worker-32] INFO  o.e.m.c.i.e.AbstractTransferListenerAdapter - Downloading http://repo.spring.io/libs-release/org/slf4j/slf4j-api/1.7.7/slf4j-api-1.7.7.pom
2015-09-21 11:08:52,827 [Worker-32] INFO  o.e.m.c.i.e.AbstractTransferListenerAdapter - Downloaded http://repo.spring.io/libs-release/org/slf4j/slf4j-api/1.7.7/slf4j-api-1.7.7.pom
2015-09-21 11:08:53,129 [Worker-32] INFO  o.e.m.c.i.e.AbstractTransferListenerAdapter - Downloading http://repo.spring.io/libs-release/org/slf4j/jul-to-slf4j/1.7.7/jul-to-slf4j-1.7.7.pom
2015-09-21 11:08:53,393 [Worker-32] INFO  o.e.m.c.i.e.AbstractTransferListenerAdapter - Downloaded http://repo.spring.io/libs-release/org/slf4j/jul-to-slf4j/1.7.7/jul-to-slf4j-1.7.7.pom
2015-09-21 11:08:53,687 [Worker-32] INFO  o.e.m.c.i.e.AbstractTransferListenerAdapter - Downloading http://repo.spring.io/libs-release/org/slf4j/log4j-over-slf4j/1.7.7/log4j-over-slf4j-1.7.7.pom
2015-09-21 11:08:53,950 [Worker-32] INFO  o.e.m.c.i.e.AbstractTransferListenerAdapter - Downloaded http://repo.spring.io/libs-release/org/slf4j/log4j-over-slf4j/1.7.7/log4j-over-slf4j-1.7.7.pom
2015-09-21 11:08:54,368 [Worker-32] INFO  o.e.m.c.i.e.AbstractTransferListenerAdapter - Downloading http://repo.spring.io/libs-release/ch/qos/logback/logback-classic/1.1.2/logback-classic-1.1.2.pom
2015-09-21 11:08:54,671 [Worker-32] INFO  o.e.m.c.i.e.AbstractTransferListenerAdapter - Downloaded http://repo.spring.io/libs-release/ch/qos/logback/logback-classic/1.1.2/logback-classic-1.1.2.pom
2015-09-21 11:08:54,983 [Worker-32] INFO  o.e.m.c.i.e.AbstractTransferListenerAdapter - Downloading http://repo.spring.io/libs-release/ch/qos/logback/logback-parent/1.1.2/logback-parent-1.1.2.pom
2015-09-21 11:08:55,291 [Worker-32] INFO  o.e.m.c.i.e.AbstractTransferListenerAdapter - Downloaded http://repo.spring.io/libs-release/ch/qos/logback/logback-parent/1.1.2/logback-parent-1.1.2.pom
2015-09-21 11:08:55,593 [Worker-32] INFO  o.e.m.c.i.e.AbstractTransferListenerAdapter - Downloading http://repo.spring.io/libs-release/ch/qos/logback/logback-core/1.1.2/logback-core-1.1.2.pom
2015-09-21 11:08:55,898 [Worker-32] INFO  o.e.m.c.i.e.AbstractTransferListenerAdapter - Downloaded http://repo.spring.io/libs-release/ch/qos/logback/logback-core/1.1.2/logback-core-1.1.2.pom
2015-09-21 11:08:56,169 [Worker-13] INFO  o.e.m.c.i.e.AbstractTransferListenerAdapter - Downloading http://repo.spring.io/libs-release/org/yaml/snakeyaml/1.13/snakeyaml-1.13.pom
2015-09-21 11:08:56,433 [Worker-13] INFO  o.e.m.c.i.e.AbstractTransferListenerAdapter - Downloaded http://repo.spring.io/libs-release/org/yaml/snakeyaml/1.13/snakeyaml-1.13.pom
2015-09-21 11:08:56,727 [Worker-32] INFO  o.e.m.c.i.e.AbstractTransferListenerAdapter - Downloading http://repo.spring.io/libs-release/org/springframework/boot/spring-boot-starter-tomcat/1.1.6.RELEASE/spring-boot-starter-tomcat-1.1.6.RELEASE.pom
2015-09-21 11:08:56,990 [Worker-32] INFO  o.e.m.c.i.e.AbstractTransferListenerAdapter - Downloaded http://repo.spring.io/libs-release/org/springframework/boot/spring-boot-starter-tomcat/1.1.6.RELEASE/spring-boot-starter-tomcat-1.1.6.RELEASE.pom
2015-09-21 11:08:57,328 [Worker-32] INFO  o.e.m.c.i.e.AbstractTransferListenerAdapter - Downloading http://repo.spring.io/libs-release/org/apache/tomcat/embed/tomcat-embed-core/7.0.55/tomcat-embed-core-7.0.55.pom
2015-09-21 11:08:57,641 [Worker-32] INFO  o.e.m.c.i.e.AbstractTransferListenerAdapter - Downloaded http://repo.spring.io/libs-release/org/apache/tomcat/embed/tomcat-embed-core/7.0.55/tomcat-embed-core-7.0.55.pom
2015-09-21 11:08:57,935 [Worker-32] INFO  o.e.m.c.i.e.AbstractTransferListenerAdapter - Downloading http://repo.spring.io/libs-release/org/apache/tomcat/embed/tomcat-embed-el/7.0.55/tomcat-embed-el-7.0.55.pom
2015-09-21 11:08:58,204 [Worker-32] INFO  o.e.m.c.i.e.AbstractTransferListenerAdapter - Downloaded http://repo.spring.io/libs-release/org/apache/tomcat/embed/tomcat-embed-el/7.0.55/tomcat-embed-el-7.0.55.pom
2015-09-21 11:08:58,497 [Worker-13] INFO  o.e.m.c.i.e.AbstractTransferListenerAdapter - Downloading http://repo.spring.io/libs-release/org/apache/tomcat/embed/tomcat-embed-logging-juli/7.0.55/tomcat-embed-logging-juli-7.0.55.pom
2015-09-21 11:08:58,767 [Worker-13] INFO  o.e.m.c.i.e.AbstractTransferListenerAdapter - Downloaded http://repo.spring.io/libs-release/org/apache/tomcat/embed/tomcat-embed-logging-juli/7.0.55/tomcat-embed-logging-juli-7.0.55.pom
2015-09-21 11:08:59,095 [Worker-13] INFO  o.e.m.c.i.e.AbstractTransferListenerAdapter - Downloading http://repo.spring.io/libs-release/com/fasterxml/jackson/core/jackson-databind/2.3.4/jackson-databind-2.3.4.pom
2015-09-21 11:08:59,379 [Worker-13] INFO  o.e.m.c.i.e.AbstractTransferListenerAdapter - Downloaded http://repo.spring.io/libs-release/com/fasterxml/jackson/core/jackson-databind/2.3.4/jackson-databind-2.3.4.pom
2015-09-21 11:08:59,646 [Worker-13] INFO  o.e.m.c.i.e.AbstractTransferListenerAdapter - Downloading http://repo.spring.io/libs-release/com/fasterxml/oss-parent/12/oss-parent-12.pom
2015-09-21 11:08:59,908 [Worker-13] INFO  o.e.m.c.i.e.AbstractTransferListenerAdapter - Downloaded http://repo.spring.io/libs-release/com/fasterxml/oss-parent/12/oss-parent-12.pom
2015-09-21 11:09:00,212 [Worker-32] INFO  o.e.m.c.i.e.AbstractTransferListenerAdapter - Downloading http://repo.spring.io/libs-release/com/fasterxml/jackson/core/jackson-annotations/2.3.4/jackson-annotations-2.3.4.pom
2015-09-21 11:09:00,493 [Worker-32] INFO  o.e.m.c.i.e.AbstractTransferListenerAdapter - Downloaded http://repo.spring.io/libs-release/com/fasterxml/jackson/core/jackson-annotations/2.3.4/jackson-annotations-2.3.4.pom
2015-09-21 11:09:00,760 [Worker-32] INFO  o.e.m.c.i.e.AbstractTransferListenerAdapter - Downloading http://repo.spring.io/libs-release/com/fasterxml/oss-parent/11/oss-parent-11.pom
2015-09-21 11:09:01,021 [Worker-32] INFO  o.e.m.c.i.e.AbstractTransferListenerAdapter - Downloaded http://repo.spring.io/libs-release/com/fasterxml/oss-parent/11/oss-parent-11.pom
2015-09-21 11:09:01,322 [Worker-32] INFO  o.e.m.c.i.e.AbstractTransferListenerAdapter - Downloading http://repo.spring.io/libs-release/com/fasterxml/jackson/core/jackson-core/2.3.4/jackson-core-2.3.4.pom
2015-09-21 11:09:01,632 [Worker-32] INFO  o.e.m.c.i.e.AbstractTransferListenerAdapter - Downloaded http://repo.spring.io/libs-release/com/fasterxml/jackson/core/jackson-core/2.3.4/jackson-core-2.3.4.pom
2015-09-21 11:09:01,967 [Worker-13] INFO  o.e.m.c.i.e.AbstractTransferListenerAdapter - Downloading http://repo.spring.io/libs-release/org/hibernate/hibernate-validator/5.0.3.Final/hibernate-validator-5.0.3.Final.pom
2015-09-21 11:09:02,245 [Worker-13] INFO  o.e.m.c.i.e.AbstractTransferListenerAdapter - Downloaded http://repo.spring.io/libs-release/org/hibernate/hibernate-validator/5.0.3.Final/hibernate-validator-5.0.3.Final.pom
2015-09-21 11:09:02,553 [Worker-13] INFO  o.e.m.c.i.e.AbstractTransferListenerAdapter - Downloading http://repo.spring.io/libs-release/org/hibernate/hibernate-validator-parent/5.0.3.Final/hibernate-validator-parent-5.0.3.Final.pom
2015-09-21 11:09:02,872 [Worker-13] INFO  o.e.m.c.i.e.AbstractTransferListenerAdapter - Downloaded http://repo.spring.io/libs-release/org/hibernate/hibernate-validator-parent/5.0.3.Final/hibernate-validator-parent-5.0.3.Final.pom
2015-09-21 11:09:03,289 [Worker-13] INFO  o.e.m.c.i.e.AbstractTransferListenerAdapter - Downloading http://repo.spring.io/libs-release/org/jboss/logging/jboss-logging/3.1.1.GA/jboss-logging-3.1.1.GA.pom
2015-09-21 11:09:03,577 [Worker-13] INFO  o.e.m.c.i.e.AbstractTransferListenerAdapter - Downloaded http://repo.spring.io/libs-release/org/jboss/logging/jboss-logging/3.1.1.GA/jboss-logging-3.1.1.GA.pom
2015-09-21 11:09:03,884 [Worker-13] INFO  o.e.m.c.i.e.AbstractTransferListenerAdapter - Downloading http://repo.spring.io/libs-release/org/jboss/jboss-parent/7/jboss-parent-7.pom
2015-09-21 11:09:04,213 [Worker-13] INFO  o.e.m.c.i.e.AbstractTransferListenerAdapter - Downloaded http://repo.spring.io/libs-release/org/jboss/jboss-parent/7/jboss-parent-7.pom
2015-09-21 11:09:04,556 [Worker-32] INFO  o.e.m.c.i.e.AbstractTransferListenerAdapter - Downloading http://repo.spring.io/libs-release/org/springframework/spring-web/4.0.7.RELEASE/spring-web-4.0.7.RELEASE.pom
2015-09-21 11:09:04,812 [Worker-32] INFO  o.e.m.c.i.e.AbstractTransferListenerAdapter - Downloaded http://repo.spring.io/libs-release/org/springframework/spring-web/4.0.7.RELEASE/spring-web-4.0.7.RELEASE.pom
2015-09-21 11:09:05,111 [Worker-32] INFO  o.e.m.c.i.e.AbstractTransferListenerAdapter - Downloading http://repo.spring.io/libs-release/org/springframework/spring-webmvc/4.0.7.RELEASE/spring-webmvc-4.0.7.RELEASE.pom
2015-09-21 11:09:05,422 [Worker-32] INFO  o.e.m.c.i.e.AbstractTransferListenerAdapter - Downloaded http://repo.spring.io/libs-release/org/springframework/spring-webmvc/4.0.7.RELEASE/spring-webmvc-4.0.7.RELEASE.pom
2015-09-21 11:09:05,744 [Worker-32] INFO  o.e.m.c.i.e.AbstractTransferListenerAdapter - Downloading http://repo.spring.io/libs-release/org/springframework/boot/spring-boot-starter-web/1.1.6.RELEASE/spring-boot-starter-web-1.1.6.RELEASE.jar
2015-09-21 11:09:06,008 [Worker-32] INFO  o.e.m.c.i.e.AbstractTransferListenerAdapter - Downloaded http://repo.spring.io/libs-release/org/springframework/boot/spring-boot-starter-web/1.1.6.RELEASE/spring-boot-starter-web-1.1.6.RELEASE.jar
2015-09-21 11:09:06,339 [Worker-32] INFO  o.e.m.c.i.e.AbstractTransferListenerAdapter - Downloading http://repo.spring.io/libs-release/org/springframework/boot/spring-boot-starter/1.1.6.RELEASE/spring-boot-starter-1.1.6.RELEASE.jar
2015-09-21 11:09:06,600 [Worker-32] INFO  o.e.m.c.i.e.AbstractTransferListenerAdapter - Downloaded http://repo.spring.io/libs-release/org/springframework/boot/spring-boot-starter/1.1.6.RELEASE/spring-boot-starter-1.1.6.RELEASE.jar
2015-09-21 11:09:06,874 [Worker-32] INFO  o.e.m.c.i.e.AbstractTransferListenerAdapter - Downloading http://repo.spring.io/libs-release/org/springframework/boot/spring-boot/1.1.6.RELEASE/spring-boot-1.1.6.RELEASE.jar
2015-09-21 11:09:09,258 [Worker-32] INFO  o.e.m.c.i.e.AbstractTransferListenerAdapter - Downloaded http://repo.spring.io/libs-release/org/springframework/boot/spring-boot/1.1.6.RELEASE/spring-boot-1.1.6.RELEASE.jar
2015-09-21 11:09:09,655 [Worker-32] INFO  o.e.m.c.i.e.AbstractTransferListenerAdapter - Downloading http://repo.spring.io/libs-release/org/springframework/boot/spring-boot-autoconfigure/1.1.6.RELEASE/spring-boot-autoconfigure-1.1.6.RELEASE.jar
2015-09-21 11:09:13,556 [Worker-32] INFO  o.e.m.c.i.e.AbstractTransferListenerAdapter - Downloaded http://repo.spring.io/libs-release/org/springframework/boot/spring-boot-autoconfigure/1.1.6.RELEASE/spring-boot-autoconfigure-1.1.6.RELEASE.jar
2015-09-21 11:09:13,829 [Worker-32] INFO  o.e.m.c.i.e.AbstractTransferListenerAdapter - Downloading http://repo.spring.io/libs-release/org/springframework/boot/spring-boot-starter-logging/1.1.6.RELEASE/spring-boot-starter-logging-1.1.6.RELEASE.jar
2015-09-21 11:09:14,113 [Worker-32] INFO  o.e.m.c.i.e.AbstractTransferListenerAdapter - Downloaded http://repo.spring.io/libs-release/org/springframework/boot/spring-boot-starter-logging/1.1.6.RELEASE/spring-boot-starter-logging-1.1.6.RELEASE.jar
2015-09-21 11:09:14,452 [Worker-32] INFO  o.e.m.c.i.e.AbstractTransferListenerAdapter - Downloading http://repo.spring.io/libs-release/org/slf4j/jcl-over-slf4j/1.7.7/jcl-over-slf4j-1.7.7.jar
2015-09-21 11:09:14,737 [Worker-32] INFO  o.e.m.c.i.e.AbstractTransferListenerAdapter - Downloaded http://repo.spring.io/libs-release/org/slf4j/jcl-over-slf4j/1.7.7/jcl-over-slf4j-1.7.7.jar
2015-09-21 11:09:15,116 [Worker-32] INFO  o.e.m.c.i.e.AbstractTransferListenerAdapter - Downloading http://repo.spring.io/libs-release/org/slf4j/slf4j-api/1.7.7/slf4j-api-1.7.7.jar
2015-09-21 11:09:15,387 [Worker-32] INFO  o.e.m.c.i.e.AbstractTransferListenerAdapter - Downloaded http://repo.spring.io/libs-release/org/slf4j/slf4j-api/1.7.7/slf4j-api-1.7.7.jar
2015-09-21 11:09:15,678 [Worker-32] INFO  o.e.m.c.i.e.AbstractTransferListenerAdapter - Downloading http://repo.spring.io/libs-release/org/slf4j/jul-to-slf4j/1.7.7/jul-to-slf4j-1.7.7.jar
2015-09-21 11:09:15,968 [Worker-32] INFO  o.e.m.c.i.e.AbstractTransferListenerAdapter - Downloaded http://repo.spring.io/libs-release/org/slf4j/jul-to-slf4j/1.7.7/jul-to-slf4j-1.7.7.jar
2015-09-21 11:09:16,345 [Worker-32] INFO  o.e.m.c.i.e.AbstractTransferListenerAdapter - Downloading http://repo.spring.io/libs-release/org/slf4j/log4j-over-slf4j/1.7.7/log4j-over-slf4j-1.7.7.jar
2015-09-21 11:09:16,606 [Worker-32] INFO  o.e.m.c.i.e.AbstractTransferListenerAdapter - Downloaded http://repo.spring.io/libs-release/org/slf4j/log4j-over-slf4j/1.7.7/log4j-over-slf4j-1.7.7.jar
2015-09-21 11:09:17,452 [Worker-32] INFO  o.e.m.c.i.e.AbstractTransferListenerAdapter - Downloading http://repo.spring.io/libs-release/ch/qos/logback/logback-classic/1.1.2/logback-classic-1.1.2.jar
2015-09-21 11:09:19,376 [Worker-32] INFO  o.e.m.c.i.e.AbstractTransferListenerAdapter - Downloaded http://repo.spring.io/libs-release/ch/qos/logback/logback-classic/1.1.2/logback-classic-1.1.2.jar
2015-09-21 11:09:20,215 [Worker-32] INFO  o.e.m.c.i.e.AbstractTransferListenerAdapter - Downloading http://repo.spring.io/libs-release/ch/qos/logback/logback-core/1.1.2/logback-core-1.1.2.jar
2015-09-21 11:09:22,595 [Worker-32] INFO  o.e.m.c.i.e.AbstractTransferListenerAdapter - Downloaded http://repo.spring.io/libs-release/ch/qos/logback/logback-core/1.1.2/logback-core-1.1.2.jar
2015-09-21 11:09:23,487 [Worker-32] INFO  o.e.m.c.i.e.AbstractTransferListenerAdapter - Downloading http://repo.spring.io/libs-release/org/yaml/snakeyaml/1.13/snakeyaml-1.13.jar
2015-09-21 11:09:24,697 [Worker-32] INFO  o.e.m.c.i.e.AbstractTransferListenerAdapter - Downloaded http://repo.spring.io/libs-release/org/yaml/snakeyaml/1.13/snakeyaml-1.13.jar
2015-09-21 11:09:24,986 [Worker-32] INFO  o.e.m.c.i.e.AbstractTransferListenerAdapter - Downloading http://repo.spring.io/libs-release/org/springframework/boot/spring-boot-starter-tomcat/1.1.6.RELEASE/spring-boot-starter-tomcat-1.1.6.RELEASE.jar
2015-09-21 11:09:25,276 [Worker-32] INFO  o.e.m.c.i.e.AbstractTransferListenerAdapter - Downloaded http://repo.spring.io/libs-release/org/springframework/boot/spring-boot-starter-tomcat/1.1.6.RELEASE/spring-boot-starter-tomcat-1.1.6.RELEASE.jar
2015-09-21 11:09:26,307 [Worker-32] INFO  o.e.m.c.i.e.AbstractTransferListenerAdapter - Downloading http://repo.spring.io/libs-release/org/apache/tomcat/embed/tomcat-embed-core/7.0.55/tomcat-embed-core-7.0.55.jar
2015-09-21 11:09:34,503 [Worker-32] INFO  o.e.m.c.i.e.AbstractTransferListenerAdapter - Downloaded http://repo.spring.io/libs-release/org/apache/tomcat/embed/tomcat-embed-core/7.0.55/tomcat-embed-core-7.0.55.jar
2015-09-21 11:09:35,345 [Worker-32] INFO  o.e.m.c.i.e.AbstractTransferListenerAdapter - Downloading http://repo.spring.io/libs-release/org/apache/tomcat/embed/tomcat-embed-el/7.0.55/tomcat-embed-el-7.0.55.jar
2015-09-21 11:09:37,147 [Worker-32] INFO  o.e.m.c.i.e.AbstractTransferListenerAdapter - Downloaded http://repo.spring.io/libs-release/org/apache/tomcat/embed/tomcat-embed-el/7.0.55/tomcat-embed-el-7.0.55.jar
2015-09-21 11:09:37,542 [Worker-32] INFO  o.e.m.c.i.e.AbstractTransferListenerAdapter - Downloading http://repo.spring.io/libs-release/org/apache/tomcat/embed/tomcat-embed-logging-juli/7.0.55/tomcat-embed-logging-juli-7.0.55.jar
2015-09-21 11:09:37,903 [Worker-32] INFO  o.e.m.c.i.e.AbstractTransferListenerAdapter - Downloaded http://repo.spring.io/libs-release/org/apache/tomcat/embed/tomcat-embed-logging-juli/7.0.55/tomcat-embed-logging-juli-7.0.55.jar
2015-09-21 11:09:38,751 [Worker-32] INFO  o.e.m.c.i.e.AbstractTransferListenerAdapter - Downloading http://repo.spring.io/libs-release/com/fasterxml/jackson/core/jackson-databind/2.3.4/jackson-databind-2.3.4.jar
2015-09-21 11:09:41,051 [Worker-32] INFO  o.e.m.c.i.e.AbstractTransferListenerAdapter - Downloaded http://repo.spring.io/libs-release/com/fasterxml/jackson/core/jackson-databind/2.3.4/jackson-databind-2.3.4.jar
2015-09-21 11:09:41,526 [Worker-32] INFO  o.e.m.c.i.e.AbstractTransferListenerAdapter - Downloading http://repo.spring.io/libs-release/com/fasterxml/jackson/core/jackson-annotations/2.3.4/jackson-annotations-2.3.4.jar
2015-09-21 11:09:41,803 [Worker-32] INFO  o.e.m.c.i.e.AbstractTransferListenerAdapter - Downloaded http://repo.spring.io/libs-release/com/fasterxml/jackson/core/jackson-annotations/2.3.4/jackson-annotations-2.3.4.jar
2015-09-21 11:09:42,831 [Worker-32] INFO  o.e.m.c.i.e.AbstractTransferListenerAdapter - Downloading http://repo.spring.io/libs-release/com/fasterxml/jackson/core/jackson-core/2.3.4/jackson-core-2.3.4.jar
2015-09-21 11:09:43,995 [Worker-32] INFO  o.e.m.c.i.e.AbstractTransferListenerAdapter - Downloaded http://repo.spring.io/libs-release/com/fasterxml/jackson/core/jackson-core/2.3.4/jackson-core-2.3.4.jar
2015-09-21 11:09:44,843 [Worker-32] INFO  o.e.m.c.i.e.AbstractTransferListenerAdapter - Downloading http://repo.spring.io/libs-release/org/hibernate/hibernate-validator/5.0.3.Final/hibernate-validator-5.0.3.Final.jar
2015-09-21 11:09:46,300 [Worker-32] INFO  o.e.m.c.i.e.AbstractTransferListenerAdapter - Downloaded http://repo.spring.io/libs-release/org/hibernate/hibernate-validator/5.0.3.Final/hibernate-validator-5.0.3.Final.jar
2015-09-21 11:09:47,096 [Worker-32] INFO  o.e.m.c.i.e.AbstractTransferListenerAdapter - Downloading http://repo.spring.io/libs-release/org/jboss/logging/jboss-logging/3.1.1.GA/jboss-logging-3.1.1.GA.jar
2015-09-21 11:09:48,374 [Worker-32] INFO  o.e.m.c.i.e.AbstractTransferListenerAdapter - Downloaded http://repo.spring.io/libs-release/org/jboss/logging/jboss-logging/3.1.1.GA/jboss-logging-3.1.1.GA.jar
2015-09-21 11:09:48,650 [Worker-32] INFO  o.e.m.c.i.e.AbstractTransferListenerAdapter - Downloading http://repo.spring.io/libs-release/org/springframework/spring-core/4.0.7.RELEASE/spring-core-4.0.7.RELEASE.jar
2015-09-21 11:09:58,146 [Worker-32] INFO  o.e.m.c.i.e.AbstractTransferListenerAdapter - Downloaded http://repo.spring.io/libs-release/org/springframework/spring-core/4.0.7.RELEASE/spring-core-4.0.7.RELEASE.jar
2015-09-21 11:09:58,417 [Worker-32] INFO  o.e.m.c.i.e.AbstractTransferListenerAdapter - Downloading http://repo.spring.io/libs-release/org/springframework/spring-web/4.0.7.RELEASE/spring-web-4.0.7.RELEASE.jar
2015-09-21 11:10:05,518 [Worker-32] INFO  o.e.m.c.i.e.AbstractTransferListenerAdapter - Downloaded http://repo.spring.io/libs-release/org/springframework/spring-web/4.0.7.RELEASE/spring-web-4.0.7.RELEASE.jar
2015-09-21 11:10:05,795 [Worker-32] INFO  o.e.m.c.i.e.AbstractTransferListenerAdapter - Downloading http://repo.spring.io/libs-release/org/springframework/spring-aop/4.0.7.RELEASE/spring-aop-4.0.7.RELEASE.jar
2015-09-21 11:10:09,641 [Worker-32] INFO  o.e.m.c.i.e.AbstractTransferListenerAdapter - Downloaded http://repo.spring.io/libs-release/org/springframework/spring-aop/4.0.7.RELEASE/spring-aop-4.0.7.RELEASE.jar
2015-09-21 11:10:09,916 [Worker-32] INFO  o.e.m.c.i.e.AbstractTransferListenerAdapter - Downloading http://repo.spring.io/libs-release/org/springframework/spring-beans/4.0.7.RELEASE/spring-beans-4.0.7.RELEASE.jar
2015-09-21 11:10:16,280 [Worker-32] INFO  o.e.m.c.i.e.AbstractTransferListenerAdapter - Downloaded http://repo.spring.io/libs-release/org/springframework/spring-beans/4.0.7.RELEASE/spring-beans-4.0.7.RELEASE.jar
2015-09-21 11:10:16,588 [Worker-32] INFO  o.e.m.c.i.e.AbstractTransferListenerAdapter - Downloading http://repo.spring.io/libs-release/org/springframework/spring-context/4.0.7.RELEASE/spring-context-4.0.7.RELEASE.jar
2015-09-21 11:10:25,810 [Worker-32] INFO  o.e.m.c.i.e.AbstractTransferListenerAdapter - Downloaded http://repo.spring.io/libs-release/org/springframework/spring-context/4.0.7.RELEASE/spring-context-4.0.7.RELEASE.jar
2015-09-21 11:10:26,087 [Worker-32] INFO  o.e.m.c.i.e.AbstractTransferListenerAdapter - Downloading http://repo.spring.io/libs-release/org/springframework/spring-webmvc/4.0.7.RELEASE/spring-webmvc-4.0.7.RELEASE.jar
2015-09-21 11:10:32,650 [Worker-32] INFO  o.e.m.c.i.e.AbstractTransferListenerAdapter - Downloaded http://repo.spring.io/libs-release/org/springframework/spring-webmvc/4.0.7.RELEASE/spring-webmvc-4.0.7.RELEASE.jar
2015-09-21 11:10:33,636 [Worker-32] INFO  o.e.m.c.i.e.AbstractTransferListenerAdapter - Downloading http://repo.spring.io/libs-release/org/springframework/spring-expression/4.0.7.RELEASE/spring-expression-4.0.7.RELEASE.jar
2015-09-21 11:10:35,767 [Worker-32] INFO  o.e.m.c.i.e.AbstractTransferListenerAdapter - Downloaded http://repo.spring.io/libs-release/org/springframework/spring-expression/4.0.7.RELEASE/spring-expression-4.0.7.RELEASE.jar
2015-09-21 11:11:59,647 [main] INFO  o.e.m2e.actions.ExecutePomAction - Using existing launch configuration
2015-09-21 11:12:02,279 [Worker-41] INFO  o.e.m.i.launch.MavenLaunchDelegate - /Users/navink/Documents/workspace/test/RestAPI
2015-09-21 11:12:02,279 [Worker-41] INFO  o.e.m.i.launch.MavenLaunchDelegate -  mvn  -B 
2015-09-21 11:12:47,288 [main] INFO  o.e.m2e.actions.ExecutePomAction - Using existing launch configuration
2015-09-21 11:12:49,604 [Worker-42] INFO  o.e.m.i.launch.MavenLaunchDelegate - /Users/navink/Documents/workspace/test/RestAPI
2015-09-21 11:12:49,605 [Worker-42] INFO  o.e.m.i.launch.MavenLaunchDelegate -  mvn  -B 
2015-09-21 11:17:38,240 [Worker-45] INFO  o.e.m.c.i.e.AbstractTransferListenerAdapter - Downloading http://repo.spring.io/libs-release/org/springframework/boot/spring-boot-starter-parent/1.2.6.RELEASE/spring-boot-starter-parent-1.2.6.RELEASE.pom
2015-09-21 11:17:38,822 [Worker-45] INFO  o.e.m.c.i.e.AbstractTransferListenerAdapter - Downloaded http://repo.spring.io/libs-release/org/springframework/boot/spring-boot-starter-parent/1.2.6.RELEASE/spring-boot-starter-parent-1.2.6.RELEASE.pom
2015-09-21 11:17:39,160 [Worker-45] INFO  o.e.m.c.i.e.AbstractTransferListenerAdapter - Downloading http://repo.spring.io/libs-release/org/springframework/boot/spring-boot-dependencies/1.2.6.RELEASE/spring-boot-dependencies-1.2.6.RELEASE.pom
2015-09-21 11:17:40,011 [Worker-45] INFO  o.e.m.c.i.e.AbstractTransferListenerAdapter - Downloaded http://repo.spring.io/libs-release/org/springframework/boot/spring-boot-dependencies/1.2.6.RELEASE/spring-boot-dependencies-1.2.6.RELEASE.pom
2015-09-21 11:17:40,362 [Worker-45] INFO  o.e.m.c.i.e.AbstractTransferListenerAdapter - Downloading http://repo.spring.io/libs-release/org/springframework/integration/spring-integration-bom/4.1.6.RELEASE/spring-integration-bom-4.1.6.RELEASE.pom
2015-09-21 11:17:40,699 [Worker-45] INFO  o.e.m.c.i.e.AbstractTransferListenerAdapter - Downloaded http://repo.spring.io/libs-release/org/springframework/integration/spring-integration-bom/4.1.6.RELEASE/spring-integration-bom-4.1.6.RELEASE.pom
2015-09-21 11:17:40,991 [Worker-45] INFO  o.e.m.c.i.e.AbstractTransferListenerAdapter - Downloading http://repo.spring.io/libs-release/org/springframework/security/spring-security-bom/3.2.8.RELEASE/spring-security-bom-3.2.8.RELEASE.pom
2015-09-21 11:17:41,257 [Worker-45] INFO  o.e.m.c.i.e.AbstractTransferListenerAdapter - Downloaded http://repo.spring.io/libs-release/org/springframework/security/spring-security-bom/3.2.8.RELEASE/spring-security-bom-3.2.8.RELEASE.pom
2015-09-21 11:17:41,597 [Worker-45] INFO  o.e.m.c.i.e.AbstractTransferListenerAdapter - Downloading http://repo.spring.io/libs-release/org/springframework/boot/spring-boot-starter-web/1.2.6.RELEASE/spring-boot-starter-web-1.2.6.RELEASE.pom
2015-09-21 11:17:41,932 [Worker-45] INFO  o.e.m.c.i.e.AbstractTransferListenerAdapter - Downloaded http://repo.spring.io/libs-release/org/springframework/boot/spring-boot-starter-web/1.2.6.RELEASE/spring-boot-starter-web-1.2.6.RELEASE.pom
2015-09-21 11:17:42,196 [Worker-45] INFO  o.e.m.c.i.e.AbstractTransferListenerAdapter - Downloading http://repo.spring.io/libs-release/org/springframework/boot/spring-boot-starters/1.2.6.RELEASE/spring-boot-starters-1.2.6.RELEASE.pom
2015-09-21 11:17:42,485 [Worker-45] INFO  o.e.m.c.i.e.AbstractTransferListenerAdapter - Downloaded http://repo.spring.io/libs-release/org/springframework/boot/spring-boot-starters/1.2.6.RELEASE/spring-boot-starters-1.2.6.RELEASE.pom
2015-09-21 11:17:42,762 [Worker-45] INFO  o.e.m.c.i.e.AbstractTransferListenerAdapter - Downloading http://repo.spring.io/libs-release/org/springframework/boot/spring-boot-parent/1.2.6.RELEASE/spring-boot-parent-1.2.6.RELEASE.pom
2015-09-21 11:17:43,063 [Worker-45] INFO  o.e.m.c.i.e.AbstractTransferListenerAdapter - Downloaded http://repo.spring.io/libs-release/org/springframework/boot/spring-boot-parent/1.2.6.RELEASE/spring-boot-parent-1.2.6.RELEASE.pom
2015-09-21 11:17:43,385 [Worker-45] INFO  o.e.m.c.i.e.AbstractTransferListenerAdapter - Downloading http://repo.spring.io/libs-release/org/springframework/boot/spring-boot-starter/1.2.6.RELEASE/spring-boot-starter-1.2.6.RELEASE.pom
2015-09-21 11:17:43,669 [Worker-45] INFO  o.e.m.c.i.e.AbstractTransferListenerAdapter - Downloaded http://repo.spring.io/libs-release/org/springframework/boot/spring-boot-starter/1.2.6.RELEASE/spring-boot-starter-1.2.6.RELEASE.pom
2015-09-21 11:17:43,954 [Worker-45] INFO  o.e.m.c.i.e.AbstractTransferListenerAdapter - Downloading http://repo.spring.io/libs-release/org/springframework/boot/spring-boot/1.2.6.RELEASE/spring-boot-1.2.6.RELEASE.pom
2015-09-21 11:17:44,230 [Worker-45] INFO  o.e.m.c.i.e.AbstractTransferListenerAdapter - Downloaded http://repo.spring.io/libs-release/org/springframework/boot/spring-boot/1.2.6.RELEASE/spring-boot-1.2.6.RELEASE.pom
2015-09-21 11:17:44,645 [Worker-45] INFO  o.e.m.c.i.e.AbstractTransferListenerAdapter - Downloading http://repo.spring.io/libs-release/org/springframework/boot/spring-boot-autoconfigure/1.2.6.RELEASE/spring-boot-autoconfigure-1.2.6.RELEASE.pom
2015-09-21 11:17:44,915 [Worker-45] INFO  o.e.m.c.i.e.AbstractTransferListenerAdapter - Downloaded http://repo.spring.io/libs-release/org/springframework/boot/spring-boot-autoconfigure/1.2.6.RELEASE/spring-boot-autoconfigure-1.2.6.RELEASE.pom
2015-09-21 11:17:45,258 [Worker-45] INFO  o.e.m.c.i.e.AbstractTransferListenerAdapter - Downloading http://repo.spring.io/libs-release/org/springframework/boot/spring-boot-starter-logging/1.2.6.RELEASE/spring-boot-starter-logging-1.2.6.RELEASE.pom
2015-09-21 11:17:45,525 [Worker-45] INFO  o.e.m.c.i.e.AbstractTransferListenerAdapter - Downloaded http://repo.spring.io/libs-release/org/springframework/boot/spring-boot-starter-logging/1.2.6.RELEASE/spring-boot-starter-logging-1.2.6.RELEASE.pom
2015-09-21 11:17:46,144 [Worker-45] INFO  o.e.m.c.i.e.AbstractTransferListenerAdapter - Downloading http://repo.spring.io/libs-release/org/springframework/boot/spring-boot-starter-tomcat/1.2.6.RELEASE/spring-boot-starter-tomcat-1.2.6.RELEASE.pom
2015-09-21 11:17:46,407 [Worker-45] INFO  o.e.m.c.i.e.AbstractTransferListenerAdapter - Downloaded http://repo.spring.io/libs-release/org/springframework/boot/spring-boot-starter-tomcat/1.2.6.RELEASE/spring-boot-starter-tomcat-1.2.6.RELEASE.pom
2015-09-21 11:17:46,737 [Worker-45] INFO  o.e.m.c.i.e.AbstractTransferListenerAdapter - Downloading http://repo.spring.io/libs-release/org/apache/tomcat/embed/tomcat-embed-core/8.0.26/tomcat-embed-core-8.0.26.pom
2015-09-21 11:17:47,002 [Worker-45] INFO  o.e.m.c.i.e.AbstractTransferListenerAdapter - Downloaded http://repo.spring.io/libs-release/org/apache/tomcat/embed/tomcat-embed-core/8.0.26/tomcat-embed-core-8.0.26.pom
2015-09-21 11:17:47,267 [Worker-45] INFO  o.e.m.c.i.e.AbstractTransferListenerAdapter - Downloading http://repo.spring.io/libs-release/org/apache/tomcat/embed/tomcat-embed-el/8.0.26/tomcat-embed-el-8.0.26.pom
2015-09-21 11:17:47,535 [Worker-45] INFO  o.e.m.c.i.e.AbstractTransferListenerAdapter - Downloaded http://repo.spring.io/libs-release/org/apache/tomcat/embed/tomcat-embed-el/8.0.26/tomcat-embed-el-8.0.26.pom
2015-09-21 11:17:48,434 [Worker-45] INFO  o.e.m.c.i.e.AbstractTransferListenerAdapter - Downloading http://repo.spring.io/libs-release/org/apache/tomcat/embed/tomcat-embed-logging-juli/8.0.26/tomcat-embed-logging-juli-8.0.26.pom
2015-09-21 11:17:48,738 [Worker-45] INFO  o.e.m.c.i.e.AbstractTransferListenerAdapter - Downloaded http://repo.spring.io/libs-release/org/apache/tomcat/embed/tomcat-embed-logging-juli/8.0.26/tomcat-embed-logging-juli-8.0.26.pom
2015-09-21 11:17:49,011 [Worker-45] INFO  o.e.m.c.i.e.AbstractTransferListenerAdapter - Downloading http://repo.spring.io/libs-release/org/apache/tomcat/embed/tomcat-embed-websocket/8.0.26/tomcat-embed-websocket-8.0.26.pom
2015-09-21 11:17:49,277 [Worker-45] INFO  o.e.m.c.i.e.AbstractTransferListenerAdapter - Downloaded http://repo.spring.io/libs-release/org/apache/tomcat/embed/tomcat-embed-websocket/8.0.26/tomcat-embed-websocket-8.0.26.pom
2015-09-21 11:17:49,915 [Worker-45] INFO  o.e.m.c.i.e.AbstractTransferListenerAdapter - Downloading http://repo.spring.io/libs-release/org/springframework/boot/spring-boot-starter-web/1.2.6.RELEASE/spring-boot-starter-web-1.2.6.RELEASE.jar
2015-09-21 11:17:50,174 [Worker-45] INFO  o.e.m.c.i.e.AbstractTransferListenerAdapter - Downloaded http://repo.spring.io/libs-release/org/springframework/boot/spring-boot-starter-web/1.2.6.RELEASE/spring-boot-starter-web-1.2.6.RELEASE.jar
2015-09-21 11:17:50,448 [Worker-45] INFO  o.e.m.c.i.e.AbstractTransferListenerAdapter - Downloading http://repo.spring.io/libs-release/org/springframework/boot/spring-boot-starter/1.2.6.RELEASE/spring-boot-starter-1.2.6.RELEASE.jar
2015-09-21 11:17:50,717 [Worker-45] INFO  o.e.m.c.i.e.AbstractTransferListenerAdapter - Downloaded http://repo.spring.io/libs-release/org/springframework/boot/spring-boot-starter/1.2.6.RELEASE/spring-boot-starter-1.2.6.RELEASE.jar
2015-09-21 11:17:51,006 [Worker-45] INFO  o.e.m.c.i.e.AbstractTransferListenerAdapter - Downloading http://repo.spring.io/libs-release/org/springframework/boot/spring-boot/1.2.6.RELEASE/spring-boot-1.2.6.RELEASE.jar
2015-09-21 11:17:55,863 [Worker-45] INFO  o.e.m.c.i.e.AbstractTransferListenerAdapter - Downloaded http://repo.spring.io/libs-release/org/springframework/boot/spring-boot/1.2.6.RELEASE/spring-boot-1.2.6.RELEASE.jar
2015-09-21 11:17:56,134 [Worker-45] INFO  o.e.m.c.i.e.AbstractTransferListenerAdapter - Downloading http://repo.spring.io/libs-release/org/springframework/boot/spring-boot-autoconfigure/1.2.6.RELEASE/spring-boot-autoconfigure-1.2.6.RELEASE.jar
2015-09-21 11:18:03,983 [Worker-45] INFO  o.e.m.c.i.e.AbstractTransferListenerAdapter - Downloaded http://repo.spring.io/libs-release/org/springframework/boot/spring-boot-autoconfigure/1.2.6.RELEASE/spring-boot-autoconfigure-1.2.6.RELEASE.jar
2015-09-21 11:18:04,327 [Worker-45] INFO  o.e.m.c.i.e.AbstractTransferListenerAdapter - Downloading http://repo.spring.io/libs-release/org/springframework/boot/spring-boot-starter-logging/1.2.6.RELEASE/spring-boot-starter-logging-1.2.6.RELEASE.jar
2015-09-21 11:18:04,629 [Worker-45] INFO  o.e.m.c.i.e.AbstractTransferListenerAdapter - Downloaded http://repo.spring.io/libs-release/org/springframework/boot/spring-boot-starter-logging/1.2.6.RELEASE/spring-boot-starter-logging-1.2.6.RELEASE.jar
2015-09-21 11:18:04,905 [Worker-45] INFO  o.e.m.c.i.e.AbstractTransferListenerAdapter - Downloading http://repo.spring.io/libs-release/org/springframework/boot/spring-boot-starter-tomcat/1.2.6.RELEASE/spring-boot-starter-tomcat-1.2.6.RELEASE.jar
2015-09-21 11:18:05,173 [Worker-45] INFO  o.e.m.c.i.e.AbstractTransferListenerAdapter - Downloaded http://repo.spring.io/libs-release/org/springframework/boot/spring-boot-starter-tomcat/1.2.6.RELEASE/spring-boot-starter-tomcat-1.2.6.RELEASE.jar
2015-09-21 11:18:07,219 [Worker-45] INFO  o.e.m.c.i.e.AbstractTransferListenerAdapter - Downloading http://repo.spring.io/libs-release/org/apache/tomcat/embed/tomcat-embed-core/8.0.26/tomcat-embed-core-8.0.26.jar
2015-09-21 11:18:23,169 [Worker-45] INFO  o.e.m.c.i.e.AbstractTransferListenerAdapter - Downloaded http://repo.spring.io/libs-release/org/apache/tomcat/embed/tomcat-embed-core/8.0.26/tomcat-embed-core-8.0.26.jar
2015-09-21 11:18:24,125 [Worker-45] INFO  o.e.m.c.i.e.AbstractTransferListenerAdapter - Downloading http://repo.spring.io/libs-release/org/apache/tomcat/embed/tomcat-embed-el/8.0.26/tomcat-embed-el-8.0.26.jar
2015-09-21 11:18:25,172 [Worker-45] INFO  o.e.m.c.i.e.AbstractTransferListenerAdapter - Downloaded http://repo.spring.io/libs-release/org/apache/tomcat/embed/tomcat-embed-el/8.0.26/tomcat-embed-el-8.0.26.jar
2015-09-21 11:18:25,570 [Worker-45] INFO  o.e.m.c.i.e.AbstractTransferListenerAdapter - Downloading http://repo.spring.io/libs-release/org/apache/tomcat/embed/tomcat-embed-logging-juli/8.0.26/tomcat-embed-logging-juli-8.0.26.jar
2015-09-21 11:18:26,321 [Worker-45] INFO  o.e.m.c.i.e.AbstractTransferListenerAdapter - Downloaded http://repo.spring.io/libs-release/org/apache/tomcat/embed/tomcat-embed-logging-juli/8.0.26/tomcat-embed-logging-juli-8.0.26.jar
2015-09-21 11:18:27,206 [Worker-45] INFO  o.e.m.c.i.e.AbstractTransferListenerAdapter - Downloading http://repo.spring.io/libs-release/org/apache/tomcat/embed/tomcat-embed-websocket/8.0.26/tomcat-embed-websocket-8.0.26.jar
2015-09-21 11:18:28,348 [Worker-45] INFO  o.e.m.c.i.e.AbstractTransferListenerAdapter - Downloaded http://repo.spring.io/libs-release/org/apache/tomcat/embed/tomcat-embed-websocket/8.0.26/tomcat-embed-websocket-8.0.26.jar
2015-09-21 11:21:30,335 [main] INFO  o.e.m2e.actions.ExecutePomAction - Using existing launch configuration
2015-09-21 11:21:32,502 [Worker-45] INFO  o.e.m.i.launch.MavenLaunchDelegate - /Users/navink/Documents/workspace/test/RestAPI
2015-09-21 11:21:32,503 [Worker-45] INFO  o.e.m.i.launch.MavenLaunchDelegate -  mvn  -B 
2015-09-21 11:23:34,225 [Worker-32] INFO  o.e.m.i.launch.MavenLaunchDelegate - /Users/navink/Documents/workspace/test/RestAPI
2015-09-21 11:23:34,247 [Worker-32] INFO  o.e.m.i.launch.MavenLaunchDelegate -  mvn  -B clean
2015-09-21 11:23:41,785 [main] INFO  o.e.m2e.actions.ExecutePomAction - Using existing launch configuration
2015-09-21 11:24:02,646 [main] INFO  o.e.m2e.actions.ExecutePomAction - Using existing launch configuration
2015-09-21 11:24:04,758 [Worker-32] INFO  o.e.m.i.launch.MavenLaunchDelegate - /Users/navink/Documents/workspace/test/RestAPI
2015-09-21 11:24:04,758 [Worker-32] INFO  o.e.m.i.launch.MavenLaunchDelegate -  mvn  -B 
2015-09-21 11:24:22,617 [Worker-50] INFO  o.e.m.i.launch.MavenLaunchDelegate - /Users/navink/Documents/workspace/test/RestAPI
2015-09-21 11:24:22,617 [Worker-50] INFO  o.e.m.i.launch.MavenLaunchDelegate -  mvn  -B clean
2015-09-21 11:25:06,143 [main] INFO  o.e.m2e.actions.ExecutePomAction - Using existing launch configuration
2015-09-21 11:25:55,858 [Worker-50] INFO  o.e.m.i.launch.MavenLaunchDelegate - /Users/navink/Documents/workspace/test/RestAPI
2015-09-21 11:25:55,887 [Worker-50] INFO  o.e.m.i.launch.MavenLaunchDelegate -  mvn  -B clean install
2015-09-21 11:49:16,440 [main] INFO  o.e.m2e.actions.ExecutePomAction - Creating new launch configuration
2015-09-21 11:49:22,469 [Worker-62] INFO  o.e.m.i.launch.MavenLaunchDelegate - /Users/navink/Documents/workspace/test/RestfulAPI
2015-09-21 11:49:22,469 [Worker-62] INFO  o.e.m.i.launch.MavenLaunchDelegate -  mvn  -B maven clean
2015-09-21 11:49:44,059 [Worker-59] INFO  o.e.m.i.launch.MavenLaunchDelegate - /Users/navink/Documents/workspace/test/RestfulAPI
2015-09-21 11:49:44,091 [Worker-59] INFO  o.e.m.i.launch.MavenLaunchDelegate -  mvn  -B clean
2015-09-21 11:50:17,881 [main] INFO  o.e.m2e.actions.ExecutePomAction - Using existing launch configuration
2015-09-21 11:50:17,939 [Worker-62] INFO  o.e.m.i.launch.MavenLaunchDelegate - /Users/navink/Documents/workspace/test/RestfulAPI
2015-09-21 11:50:17,939 [Worker-62] INFO  o.e.m.i.launch.MavenLaunchDelegate -  mvn  -B maven clean
2015-09-21 11:50:46,884 [main] INFO  o.e.m2e.actions.ExecutePomAction - Using existing launch configuration
2015-09-21 11:50:46,925 [Worker-56] INFO  o.e.m.i.launch.MavenLaunchDelegate - /Users/navink/Documents/workspace/test/RestAPI
2015-09-21 11:50:46,925 [Worker-56] INFO  o.e.m.i.launch.MavenLaunchDelegate -  mvn  -B clean install
2015-09-21 11:51:07,596 [Worker-59] INFO  o.e.m.i.launch.MavenLaunchDelegate - /Users/navink/Documents/workspace/test/RestAPI
2015-09-21 11:51:07,619 [Worker-59] INFO  o.e.m.i.launch.MavenLaunchDelegate -  mvn  -B clean
2015-09-21 11:51:17,586 [main] INFO  o.e.m2e.actions.ExecutePomAction - Using existing launch configuration
2015-09-21 11:51:17,622 [Worker-56] INFO  o.e.m.i.launch.MavenLaunchDelegate - /Users/navink/Documents/workspace/test/RestAPI
2015-09-21 11:51:17,623 [Worker-56] INFO  o.e.m.i.launch.MavenLaunchDelegate -  mvn  -B clean install
2015-09-21 11:52:18,403 [main] INFO  o.e.m2e.actions.ExecutePomAction - Using existing launch configuration
2015-09-21 11:52:18,500 [Worker-59] INFO  o.e.m.i.launch.MavenLaunchDelegate - /Users/navink/Documents/workspace/test/RestAPI
2015-09-21 11:52:18,501 [Worker-59] INFO  o.e.m.i.launch.MavenLaunchDelegate -  mvn  -B clean install
2015-09-21 11:53:20,561 [Worker-59] INFO  o.e.m.i.launch.MavenLaunchDelegate - /Users/navink/Documents/workspace/test/RestAPI
2015-09-21 11:53:20,584 [Worker-59] INFO  o.e.m.i.launch.MavenLaunchDelegate -  mvn  -B install
